This file contains any messages produced by compilers while
running configure, to aid debugging if configure makes a mistake.

It was created by sphinx configure 2.1.3-dev, which was
generated by GNU Autoconf 2.65.  Invocation command line was

  $ ./configure --host=x86_64-nacl --without-mysql --without-pgsql --without-unixodbc --without-iconv

## --------- ##
## Platform. ##
## --------- ##

hostname = home
uname -m = x86_64
uname -r = 3.5.0-43-generic
uname -s = Linux
uname -v = #66~precise1-Ubuntu SMP Thu Oct 24 14:52:23 UTC 2013

/usr/bin/uname -p = unknown
/bin/uname -X     = unknown

/bin/arch              = unknown
/usr/bin/arch -k       = unknown
/usr/convex/getsysinfo = unknown
/usr/bin/hostinfo      = unknown
/bin/machine           = unknown
/usr/bin/oslevel       = unknown
/bin/universe          = unknown

PATH: /usr/lib/lightdm/lightdm
PATH: /usr/local/sbin
PATH: /usr/local/bin
PATH: /usr/sbin
PATH: /usr/bin
PATH: /sbin
PATH: /bin
PATH: /usr/games
PATH: /home/volodymyr/instdir/zerovm-prefix/bin
PATH: /home/volodymyr/sphinx/bin


## ----------- ##
## Core tests. ##
## ----------- ##

configure:2333: result: 
configure:2335: result: checking build environment
configure:2338: result: --------------------------
configure:2340: result: 
configure:2383: checking for a BSD-compatible install
configure:2451: result: /usr/bin/install -c
configure:2462: checking whether build environment is sane
configure:2512: result: yes
configure:2561: checking for x86_64-nacl-strip
configure:2577: found /home/volodymyr/instdir/zerovm-prefix/bin/x86_64-nacl-strip
configure:2588: result: x86_64-nacl-strip
configure:2653: checking for a thread-safe mkdir -p
configure:2692: result: /bin/mkdir -p
configure:2705: checking for gawk
configure:2735: result: no
configure:2705: checking for mawk
configure:2721: found /usr/bin/mawk
configure:2732: result: mawk
configure:2743: checking whether make sets $(MAKE)
configure:2765: result: yes
configure:2846: checking whether to enable maintainer-specific portions of Makefiles
configure:2855: result: no
configure:2878: result: 
configure:2880: result: checking for compiler programs
configure:2883: result: ------------------------------
configure:2885: result: 
configure:2899: checking whether to compile debug version
configure:2909: result: no
configure:2933: checking for x86_64-nacl-gcc
configure:2949: found /home/volodymyr/instdir/zerovm-prefix/bin/x86_64-nacl-gcc
configure:2960: result: x86_64-nacl-gcc
configure:3229: checking for C compiler version
configure:3238: x86_64-nacl-gcc --version >&5
x86_64-nacl-gcc (GCC) 4.4.3
Copyright (C) 2010 Free Software Foundation, Inc.
This is free software; see the source for copying conditions.  There is NO
warranty; not even for MERCHANTABILITY or FITNESS FOR A PARTICULAR PURPOSE.

configure:3249: $? = 0
configure:3238: x86_64-nacl-gcc -v >&5
Using built-in specs.
Reading specs from /home/volodymyr/instdir/zerovm-prefix/lib/gcc/x86_64-nacl/specs
Target: x86_64-nacl
Configured with: /home/volodymyr/git/toolchain/SRC/gcc/configure CC='gcc -m32' CFLAGS='-O2 -g -Dinhibit_libc -D__gthr_posix_h' LDFLAGS=-s 'CFLAGS_FOR_TARGET=-O2 -g ' 'CXXFLAGS_FOR_TARGET=-O2 -g ' --prefix=/home/volodymyr/instdir/zerovm-prefix --disable-decimal-float --disable-libgomp --disable-libmudflap --disable-libssp --disable-libstdcxx-pch --target=x86_64-nacl --with-gmp=/home/volodymyr/git/toolchain/BUILD/.gcc-extra-install-gmp --with-mpfr=/home/volodymyr/git/toolchain/BUILD/.gcc-extra-install-mpfr --with-ppl=/home/volodymyr/git/toolchain/BUILD/.gcc-extra-install-ppl --with-host-libstdcxx='-lpwl -Wl,-Bstatic -lstdc++ -Wl,-Bdynamic -lm' --with-cloog=/home/volodymyr/git/toolchain/BUILD/.gcc-extra-install-cloog-ppl --disable-ppl-version-check --enable-shared --enable-languages=c,c++,objc,obj-c++,fortran --enable-threads=posix --enable-tls
Thread model: posix
gcc version 4.4.3 (GCC) 
configure:3249: $? = 0
configure:3238: x86_64-nacl-gcc -V >&5
x86_64-nacl-gcc: '-V' option must have argument
configure:3249: $? = 1
configure:3238: x86_64-nacl-gcc -qversion >&5
x86_64-nacl-gcc: unrecognized option '-qversion'
x86_64-nacl-gcc: no input files
configure:3249: $? = 1
configure:3269: checking whether the C compiler works
configure:3291: x86_64-nacl-gcc -Wall -g -D_FILE_OFFSET_BITS=64 -O3 -DNDEBUG  -I/usr/local/include  conftest.c  -L/usr/local/lib >&5
configure:3295: $? = 0
configure:3344: result: yes
configure:3347: checking for C compiler default output file name
configure:3349: result: a.out
configure:3355: checking for suffix of executables
configure:3362: x86_64-nacl-gcc -o conftest -Wall -g -D_FILE_OFFSET_BITS=64 -O3 -DNDEBUG  -I/usr/local/include  conftest.c  -L/usr/local/lib >&5
configure:3366: $? = 0
configure:3388: result: 
configure:3410: checking whether we are cross compiling
configure:3418: x86_64-nacl-gcc -o conftest -Wall -g -D_FILE_OFFSET_BITS=64 -O3 -DNDEBUG  -I/usr/local/include  conftest.c  -L/usr/local/lib >&5
configure:3422: $? = 0
configure:3429: ./conftest
./configure: line 3431:  4060 Segmentation fault      (core dumped) ./conftest$ac_cv_exeext
configure:3433: $? = 139
configure:3448: result: yes
configure:3453: checking for suffix of object files
configure:3475: x86_64-nacl-gcc -c -Wall -g -D_FILE_OFFSET_BITS=64 -O3 -DNDEBUG  -I/usr/local/include conftest.c >&5
configure:3479: $? = 0
configure:3500: result: o
configure:3504: checking whether we are using the GNU C compiler
configure:3523: x86_64-nacl-gcc -c -Wall -g -D_FILE_OFFSET_BITS=64 -O3 -DNDEBUG  -I/usr/local/include conftest.c >&5
configure:3523: $? = 0
configure:3532: result: yes
configure:3541: checking whether x86_64-nacl-gcc accepts -g
configure:3561: x86_64-nacl-gcc -c -g  -I/usr/local/include conftest.c >&5
configure:3561: $? = 0
configure:3602: result: yes
configure:3619: checking for x86_64-nacl-gcc option to accept ISO C89
configure:3683: x86_64-nacl-gcc  -c -Wall -g -D_FILE_OFFSET_BITS=64 -O3 -DNDEBUG  -I/usr/local/include conftest.c >&5
configure:3683: $? = 0
configure:3696: result: none needed
configure:3727: checking for style of include used by make
configure:3755: result: GNU
configure:3780: checking dependency style of x86_64-nacl-gcc
configure:3890: result: gcc3
configure:3919: checking for x86_64-nacl-g++
configure:3935: found /home/volodymyr/instdir/zerovm-prefix/bin/x86_64-nacl-g++
configure:3946: result: x86_64-nacl-g++
configure:4017: checking for C++ compiler version
configure:4026: x86_64-nacl-g++ --version >&5
x86_64-nacl-g++ (GCC) 4.4.3
Copyright (C) 2010 Free Software Foundation, Inc.
This is free software; see the source for copying conditions.  There is NO
warranty; not even for MERCHANTABILITY or FITNESS FOR A PARTICULAR PURPOSE.

configure:4037: $? = 0
configure:4026: x86_64-nacl-g++ -v >&5
Using built-in specs.
Reading specs from /home/volodymyr/instdir/zerovm-prefix/lib/gcc/x86_64-nacl/specs
Target: x86_64-nacl
Configured with: /home/volodymyr/git/toolchain/SRC/gcc/configure CC='gcc -m32' CFLAGS='-O2 -g -Dinhibit_libc -D__gthr_posix_h' LDFLAGS=-s 'CFLAGS_FOR_TARGET=-O2 -g ' 'CXXFLAGS_FOR_TARGET=-O2 -g ' --prefix=/home/volodymyr/instdir/zerovm-prefix --disable-decimal-float --disable-libgomp --disable-libmudflap --disable-libssp --disable-libstdcxx-pch --target=x86_64-nacl --with-gmp=/home/volodymyr/git/toolchain/BUILD/.gcc-extra-install-gmp --with-mpfr=/home/volodymyr/git/toolchain/BUILD/.gcc-extra-install-mpfr --with-ppl=/home/volodymyr/git/toolchain/BUILD/.gcc-extra-install-ppl --with-host-libstdcxx='-lpwl -Wl,-Bstatic -lstdc++ -Wl,-Bdynamic -lm' --with-cloog=/home/volodymyr/git/toolchain/BUILD/.gcc-extra-install-cloog-ppl --disable-ppl-version-check --enable-shared --enable-languages=c,c++,objc,obj-c++,fortran --enable-threads=posix --enable-tls
Thread model: posix
gcc version 4.4.3 (GCC) 
configure:4037: $? = 0
configure:4026: x86_64-nacl-g++ -V >&5
x86_64-nacl-g++: '-V' option must have argument
configure:4037: $? = 1
configure:4026: x86_64-nacl-g++ -qversion >&5
x86_64-nacl-g++: unrecognized option '-qversion'
x86_64-nacl-g++: no input files
configure:4037: $? = 1
configure:4041: checking whether we are using the GNU C++ compiler
configure:4060: x86_64-nacl-g++ -c -Wall -g -D_FILE_OFFSET_BITS=64 -O3 -DNDEBUG  -I/usr/local/include conftest.cpp >&5
configure:4060: $? = 0
configure:4069: result: yes
configure:4078: checking whether x86_64-nacl-g++ accepts -g
configure:4098: x86_64-nacl-g++ -c -g  -I/usr/local/include conftest.cpp >&5
configure:4098: $? = 0
configure:4139: result: yes
configure:4164: checking dependency style of x86_64-nacl-g++
configure:4274: result: gcc3
configure:4292: checking for x86_64-nacl-ranlib
configure:4308: found /home/volodymyr/instdir/zerovm-prefix/bin/x86_64-nacl-ranlib
configure:4319: result: x86_64-nacl-ranlib
configure:4395: x86_64-nacl-gcc -c -Wall -g -D_FILE_OFFSET_BITS=64 -O3 -DNDEBUG  -I/usr/local/include conftest.c >&5
conftest.c: In function 'main':
conftest.c:14: warning: control reaches end of non-void function
configure:4395: $? = 0
configure:4420: result: 
configure:4422: result: checking for header files
configure:4425: result: -------------------------
configure:4427: result: 
configure:4437: checking how to run the C preprocessor
configure:4468: x86_64-nacl-gcc -E  -I/usr/local/include conftest.c
configure:4468: $? = 0
configure:4482: x86_64-nacl-gcc -E  -I/usr/local/include conftest.c
conftest.c:14:28: error: ac_nonexistent.h: No such file or directory
configure:4482: $? = 1
configure: failed program was:
| /* confdefs.h */
| #define PACKAGE_NAME "sphinx"
| #define PACKAGE_TARNAME "sphinx"
| #define PACKAGE_VERSION "2.1.3-dev"
| #define PACKAGE_STRING "sphinx 2.1.3-dev"
| #define PACKAGE_BUGREPORT "shodan(at)sphinxsearch.com"
| #define PACKAGE_URL ""
| #define PACKAGE "sphinx"
| #define VERSION "2.1.3-dev"
| #define COMPILER "x86_64-nacl-gcc 4.4.3"
| #define OS_UNAME "Linux home 3.5.0-43-generic #66~precise1-Ubuntu SMP Thu Oct 24 14:52:23 UTC 2013 x86_64 x86_64 x86_64 GNU/Linux"
| #define CONFIGURE_FLAGS " '--host=x86_64-nacl' '--without-mysql' '--without-pgsql' '--without-unixodbc' '--without-iconv' 'host_alias=x86_64-nacl'"
| /* end confdefs.h.  */
| #include <ac_nonexistent.h>
configure:4507: result: x86_64-nacl-gcc -E
configure:4527: x86_64-nacl-gcc -E  -I/usr/local/include conftest.c
configure:4527: $? = 0
configure:4541: x86_64-nacl-gcc -E  -I/usr/local/include conftest.c
conftest.c:14:28: error: ac_nonexistent.h: No such file or directory
configure:4541: $? = 1
configure: failed program was:
| /* confdefs.h */
| #define PACKAGE_NAME "sphinx"
| #define PACKAGE_TARNAME "sphinx"
| #define PACKAGE_VERSION "2.1.3-dev"
| #define PACKAGE_STRING "sphinx 2.1.3-dev"
| #define PACKAGE_BUGREPORT "shodan(at)sphinxsearch.com"
| #define PACKAGE_URL ""
| #define PACKAGE "sphinx"
| #define VERSION "2.1.3-dev"
| #define COMPILER "x86_64-nacl-gcc 4.4.3"
| #define OS_UNAME "Linux home 3.5.0-43-generic #66~precise1-Ubuntu SMP Thu Oct 24 14:52:23 UTC 2013 x86_64 x86_64 x86_64 GNU/Linux"
| #define CONFIGURE_FLAGS " '--host=x86_64-nacl' '--without-mysql' '--without-pgsql' '--without-unixodbc' '--without-iconv' 'host_alias=x86_64-nacl'"
| /* end confdefs.h.  */
| #include <ac_nonexistent.h>
configure:4570: checking for grep that handles long lines and -e
configure:4628: result: /bin/grep
configure:4633: checking for egrep
configure:4695: result: /bin/grep -E
configure:4700: checking for ANSI C header files
configure:4720: x86_64-nacl-gcc -c -Wall -g -D_FILE_OFFSET_BITS=64 -O3 -DNDEBUG  -I/usr/local/include conftest.c >&5
configure:4720: $? = 0
configure:4804: result: yes
configure:4812: checking for sys/wait.h that is POSIX.1 compatible
configure:4838: x86_64-nacl-gcc -c -Wall -g -D_FILE_OFFSET_BITS=64 -O3 -DNDEBUG  -I/usr/local/include conftest.c >&5
configure:4838: $? = 0
configure:4845: result: yes
configure:4858: checking for sys/types.h
configure:4858: x86_64-nacl-gcc -c -Wall -g -D_FILE_OFFSET_BITS=64 -O3 -DNDEBUG  -I/usr/local/include conftest.c >&5
configure:4858: $? = 0
configure:4858: result: yes
configure:4858: checking for sys/stat.h
configure:4858: x86_64-nacl-gcc -c -Wall -g -D_FILE_OFFSET_BITS=64 -O3 -DNDEBUG  -I/usr/local/include conftest.c >&5
configure:4858: $? = 0
configure:4858: result: yes
configure:4858: checking for stdlib.h
configure:4858: x86_64-nacl-gcc -c -Wall -g -D_FILE_OFFSET_BITS=64 -O3 -DNDEBUG  -I/usr/local/include conftest.c >&5
configure:4858: $? = 0
configure:4858: result: yes
configure:4858: checking for string.h
configure:4858: x86_64-nacl-gcc -c -Wall -g -D_FILE_OFFSET_BITS=64 -O3 -DNDEBUG  -I/usr/local/include conftest.c >&5
configure:4858: $? = 0
configure:4858: result: yes
configure:4858: checking for memory.h
configure:4858: x86_64-nacl-gcc -c -Wall -g -D_FILE_OFFSET_BITS=64 -O3 -DNDEBUG  -I/usr/local/include conftest.c >&5
configure:4858: $? = 0
configure:4858: result: yes
configure:4858: checking for strings.h
configure:4858: x86_64-nacl-gcc -c -Wall -g -D_FILE_OFFSET_BITS=64 -O3 -DNDEBUG  -I/usr/local/include conftest.c >&5
configure:4858: $? = 0
configure:4858: result: yes
configure:4858: checking for inttypes.h
configure:4858: x86_64-nacl-gcc -c -Wall -g -D_FILE_OFFSET_BITS=64 -O3 -DNDEBUG  -I/usr/local/include conftest.c >&5
configure:4858: $? = 0
configure:4858: result: yes
configure:4858: checking for stdint.h
configure:4858: x86_64-nacl-gcc -c -Wall -g -D_FILE_OFFSET_BITS=64 -O3 -DNDEBUG  -I/usr/local/include conftest.c >&5
configure:4858: $? = 0
configure:4858: result: yes
configure:4858: checking for unistd.h
configure:4858: x86_64-nacl-gcc -c -Wall -g -D_FILE_OFFSET_BITS=64 -O3 -DNDEBUG  -I/usr/local/include conftest.c >&5
configure:4858: $? = 0
configure:4858: result: yes
configure:4874: checking fcntl.h usability
configure:4874: x86_64-nacl-gcc -c -Wall -g -D_FILE_OFFSET_BITS=64 -O3 -DNDEBUG  -I/usr/local/include conftest.c >&5
configure:4874: $? = 0
configure:4874: result: yes
configure:4874: checking fcntl.h presence
configure:4874: x86_64-nacl-gcc -E  -I/usr/local/include conftest.c
configure:4874: $? = 0
configure:4874: result: yes
configure:4874: checking for fcntl.h
configure:4874: result: yes
configure:4874: checking limits.h usability
configure:4874: x86_64-nacl-gcc -c -Wall -g -D_FILE_OFFSET_BITS=64 -O3 -DNDEBUG  -I/usr/local/include conftest.c >&5
configure:4874: $? = 0
configure:4874: result: yes
configure:4874: checking limits.h presence
configure:4874: x86_64-nacl-gcc -E  -I/usr/local/include conftest.c
configure:4874: $? = 0
configure:4874: result: yes
configure:4874: checking for limits.h
configure:4874: result: yes
configure:4874: checking netdb.h usability
configure:4874: x86_64-nacl-gcc -c -Wall -g -D_FILE_OFFSET_BITS=64 -O3 -DNDEBUG  -I/usr/local/include conftest.c >&5
configure:4874: $? = 0
configure:4874: result: yes
configure:4874: checking netdb.h presence
configure:4874: x86_64-nacl-gcc -E  -I/usr/local/include conftest.c
configure:4874: $? = 0
configure:4874: result: yes
configure:4874: checking for netdb.h
configure:4874: result: yes
configure:4874: checking netinet/in.h usability
configure:4874: x86_64-nacl-gcc -c -Wall -g -D_FILE_OFFSET_BITS=64 -O3 -DNDEBUG  -I/usr/local/include conftest.c >&5
configure:4874: $? = 0
configure:4874: result: yes
configure:4874: checking netinet/in.h presence
configure:4874: x86_64-nacl-gcc -E  -I/usr/local/include conftest.c
configure:4874: $? = 0
configure:4874: result: yes
configure:4874: checking for netinet/in.h
configure:4874: result: yes
configure:4874: checking for stdlib.h
configure:4874: result: yes
configure:4874: checking for string.h
configure:4874: result: yes
configure:4874: checking sys/file.h usability
configure:4874: x86_64-nacl-gcc -c -Wall -g -D_FILE_OFFSET_BITS=64 -O3 -DNDEBUG  -I/usr/local/include conftest.c >&5
configure:4874: $? = 0
configure:4874: result: yes
configure:4874: checking sys/file.h presence
configure:4874: x86_64-nacl-gcc -E  -I/usr/local/include conftest.c
configure:4874: $? = 0
configure:4874: result: yes
configure:4874: checking for sys/file.h
configure:4874: result: yes
configure:4874: checking sys/socket.h usability
configure:4874: x86_64-nacl-gcc -c -Wall -g -D_FILE_OFFSET_BITS=64 -O3 -DNDEBUG  -I/usr/local/include conftest.c >&5
configure:4874: $? = 0
configure:4874: result: yes
configure:4874: checking sys/socket.h presence
configure:4874: x86_64-nacl-gcc -E  -I/usr/local/include conftest.c
configure:4874: $? = 0
configure:4874: result: yes
configure:4874: checking for sys/socket.h
configure:4874: result: yes
configure:4874: checking sys/time.h usability
configure:4874: x86_64-nacl-gcc -c -Wall -g -D_FILE_OFFSET_BITS=64 -O3 -DNDEBUG  -I/usr/local/include conftest.c >&5
configure:4874: $? = 0
configure:4874: result: yes
configure:4874: checking sys/time.h presence
configure:4874: x86_64-nacl-gcc -E  -I/usr/local/include conftest.c
configure:4874: $? = 0
configure:4874: result: yes
configure:4874: checking for sys/time.h
configure:4874: result: yes
configure:4874: checking for unistd.h
configure:4874: result: yes
configure:4874: checking pthread.h usability
configure:4874: x86_64-nacl-gcc -c -Wall -g -D_FILE_OFFSET_BITS=64 -O3 -DNDEBUG  -I/usr/local/include conftest.c >&5
configure:4874: $? = 0
configure:4874: result: yes
configure:4874: checking pthread.h presence
configure:4874: x86_64-nacl-gcc -E  -I/usr/local/include conftest.c
configure:4874: $? = 0
configure:4874: result: yes
configure:4874: checking for pthread.h
configure:4874: result: yes
configure:4874: checking execinfo.h usability
configure:4874: x86_64-nacl-gcc -c -Wall -g -D_FILE_OFFSET_BITS=64 -O3 -DNDEBUG  -I/usr/local/include conftest.c >&5
configure:4874: $? = 0
configure:4874: result: yes
configure:4874: checking execinfo.h presence
configure:4874: x86_64-nacl-gcc -E  -I/usr/local/include conftest.c
configure:4874: $? = 0
configure:4874: result: yes
configure:4874: checking for execinfo.h
configure:4874: result: yes
configure:4874: checking sys/epoll.h usability
configure:4874: x86_64-nacl-gcc -c -Wall -g -D_FILE_OFFSET_BITS=64 -O3 -DNDEBUG  -I/usr/local/include conftest.c >&5
configure:4874: $? = 0
configure:4874: result: yes
configure:4874: checking sys/epoll.h presence
configure:4874: x86_64-nacl-gcc -E  -I/usr/local/include conftest.c
configure:4874: $? = 0
configure:4874: result: yes
configure:4874: checking for sys/epoll.h
configure:4874: result: yes
configure:4885: checking expat.h usability
configure:4885: x86_64-nacl-gcc -c -Wall -g -D_FILE_OFFSET_BITS=64 -O3 -DNDEBUG  -I/usr/local/include conftest.c >&5
configure:4885: $? = 0
configure:4885: result: yes
configure:4885: checking expat.h presence
configure:4885: x86_64-nacl-gcc -E  -I/usr/local/include conftest.c
configure:4885: $? = 0
configure:4885: result: yes
configure:4885: checking for expat.h
configure:4885: result: yes
configure:4893: checking iconv.h usability
configure:4893: x86_64-nacl-gcc -c -Wall -g -D_FILE_OFFSET_BITS=64 -O3 -DNDEBUG  -I/usr/local/include conftest.c >&5
configure:4893: $? = 0
configure:4893: result: yes
configure:4893: checking iconv.h presence
configure:4893: x86_64-nacl-gcc -E  -I/usr/local/include conftest.c
configure:4893: $? = 0
configure:4893: result: yes
configure:4893: checking for iconv.h
configure:4893: result: yes
configure:4901: checking zlib.h usability
configure:4901: x86_64-nacl-gcc -c -Wall -g -D_FILE_OFFSET_BITS=64 -O3 -DNDEBUG  -I/usr/local/include conftest.c >&5
configure:4901: $? = 0
configure:4901: result: yes
configure:4901: checking zlib.h presence
configure:4901: x86_64-nacl-gcc -E  -I/usr/local/include conftest.c
configure:4901: $? = 0
configure:4901: result: yes
configure:4901: checking for zlib.h
configure:4901: result: yes
configure:4909: checking sql.h usability
configure:4909: x86_64-nacl-gcc -c -Wall -g -D_FILE_OFFSET_BITS=64 -O3 -DNDEBUG  -I/usr/local/include conftest.c >&5
conftest.c:71:17: error: sql.h: No such file or directory
configure:4909: $? = 1
configure: failed program was:
| /* confdefs.h */
| #define PACKAGE_NAME "sphinx"
| #define PACKAGE_TARNAME "sphinx"
| #define PACKAGE_VERSION "2.1.3-dev"
| #define PACKAGE_STRING "sphinx 2.1.3-dev"
| #define PACKAGE_BUGREPORT "shodan(at)sphinxsearch.com"
| #define PACKAGE_URL ""
| #define PACKAGE "sphinx"
| #define VERSION "2.1.3-dev"
| #define COMPILER "x86_64-nacl-gcc 4.4.3"
| #define OS_UNAME "Linux home 3.5.0-43-generic #66~precise1-Ubuntu SMP Thu Oct 24 14:52:23 UTC 2013 x86_64 x86_64 x86_64 GNU/Linux"
| #define CONFIGURE_FLAGS " '--host=x86_64-nacl' '--without-mysql' '--without-pgsql' '--without-unixodbc' '--without-iconv' 'host_alias=x86_64-nacl'"
| #define STDC_HEADERS 1
| #define HAVE_SYS_WAIT_H 1
| #define HAVE_SYS_TYPES_H 1
| #define HAVE_SYS_STAT_H 1
| #define HAVE_STDLIB_H 1
| #define HAVE_STRING_H 1
| #define HAVE_MEMORY_H 1
| #define HAVE_STRINGS_H 1
| #define HAVE_INTTYPES_H 1
| #define HAVE_STDINT_H 1
| #define HAVE_UNISTD_H 1
| #define HAVE_FCNTL_H 1
| #define HAVE_LIMITS_H 1
| #define HAVE_NETDB_H 1
| #define HAVE_NETINET_IN_H 1
| #define HAVE_STDLIB_H 1
| #define HAVE_STRING_H 1
| #define HAVE_SYS_FILE_H 1
| #define HAVE_SYS_SOCKET_H 1
| #define HAVE_SYS_TIME_H 1
| #define HAVE_UNISTD_H 1
| #define HAVE_PTHREAD_H 1
| #define HAVE_EXECINFO_H 1
| #define HAVE_SYS_EPOLL_H 1
| /* end confdefs.h.  */
| #include <stdio.h>
| #ifdef HAVE_SYS_TYPES_H
| # include <sys/types.h>
| #endif
| #ifdef HAVE_SYS_STAT_H
| # include <sys/stat.h>
| #endif
| #ifdef STDC_HEADERS
| # include <stdlib.h>
| # include <stddef.h>
| #else
| # ifdef HAVE_STDLIB_H
| #  include <stdlib.h>
| # endif
| #endif
| #ifdef HAVE_STRING_H
| # if !defined STDC_HEADERS && defined HAVE_MEMORY_H
| #  include <memory.h>
| # endif
| # include <string.h>
| #endif
| #ifdef HAVE_STRINGS_H
| # include <strings.h>
| #endif
| #ifdef HAVE_INTTYPES_H
| # include <inttypes.h>
| #endif
| #ifdef HAVE_STDINT_H
| # include <stdint.h>
| #endif
| #ifdef HAVE_UNISTD_H
| # include <unistd.h>
| #endif
| #include <sql.h>
configure:4909: result: no
configure:4909: checking sql.h presence
configure:4909: x86_64-nacl-gcc -E  -I/usr/local/include conftest.c
conftest.c:38:17: error: sql.h: No such file or directory
configure:4909: $? = 1
configure: failed program was:
| /* confdefs.h */
| #define PACKAGE_NAME "sphinx"
| #define PACKAGE_TARNAME "sphinx"
| #define PACKAGE_VERSION "2.1.3-dev"
| #define PACKAGE_STRING "sphinx 2.1.3-dev"
| #define PACKAGE_BUGREPORT "shodan(at)sphinxsearch.com"
| #define PACKAGE_URL ""
| #define PACKAGE "sphinx"
| #define VERSION "2.1.3-dev"
| #define COMPILER "x86_64-nacl-gcc 4.4.3"
| #define OS_UNAME "Linux home 3.5.0-43-generic #66~precise1-Ubuntu SMP Thu Oct 24 14:52:23 UTC 2013 x86_64 x86_64 x86_64 GNU/Linux"
| #define CONFIGURE_FLAGS " '--host=x86_64-nacl' '--without-mysql' '--without-pgsql' '--without-unixodbc' '--without-iconv' 'host_alias=x86_64-nacl'"
| #define STDC_HEADERS 1
| #define HAVE_SYS_WAIT_H 1
| #define HAVE_SYS_TYPES_H 1
| #define HAVE_SYS_STAT_H 1
| #define HAVE_STDLIB_H 1
| #define HAVE_STRING_H 1
| #define HAVE_MEMORY_H 1
| #define HAVE_STRINGS_H 1
| #define HAVE_INTTYPES_H 1
| #define HAVE_STDINT_H 1
| #define HAVE_UNISTD_H 1
| #define HAVE_FCNTL_H 1
| #define HAVE_LIMITS_H 1
| #define HAVE_NETDB_H 1
| #define HAVE_NETINET_IN_H 1
| #define HAVE_STDLIB_H 1
| #define HAVE_STRING_H 1
| #define HAVE_SYS_FILE_H 1
| #define HAVE_SYS_SOCKET_H 1
| #define HAVE_SYS_TIME_H 1
| #define HAVE_UNISTD_H 1
| #define HAVE_PTHREAD_H 1
| #define HAVE_EXECINFO_H 1
| #define HAVE_SYS_EPOLL_H 1
| /* end confdefs.h.  */
| #include <sql.h>
configure:4909: result: no
configure:4909: checking for sql.h
configure:4909: result: no
configure:4917: checking syslog.h usability
configure:4917: x86_64-nacl-gcc -c -Wall -g -D_FILE_OFFSET_BITS=64 -O3 -DNDEBUG  -I/usr/local/include conftest.c >&5
configure:4917: $? = 0
configure:4917: result: yes
configure:4917: checking syslog.h presence
configure:4917: x86_64-nacl-gcc -E  -I/usr/local/include conftest.c
configure:4917: $? = 0
configure:4917: result: yes
configure:4917: checking for syslog.h
configure:4917: result: yes
configure:4928: result: 
configure:4930: result: checking for types
configure:4933: result: ------------------
configure:4935: result: 
configure:4940: checking for stdbool.h that conforms to C99
configure:5025: x86_64-nacl-gcc -c -Wall -g -D_FILE_OFFSET_BITS=64 -O3 -DNDEBUG  -I/usr/local/include conftest.c >&5
conftest.c:65: warning: the address of 's' will always evaluate as 'true'
conftest.c: In function 'main':
conftest.c:109: warning: the address of 'a' will always evaluate as 'true'
conftest.c:109: warning: the address of 'b' will always evaluate as 'true'
conftest.c:109: warning: the address of 'c' will always evaluate as 'true'
conftest.c:109: warning: the address of 'd' will always evaluate as 'true'
conftest.c:109: warning: the address of 'f' will always evaluate as 'true'
conftest.c:109: warning: the address of 'g' will always evaluate as 'true'
conftest.c:109: warning: the address of 'h' will always evaluate as 'true'
conftest.c:109: warning: the address of 'i' will always evaluate as 'true'
conftest.c:110: warning: the address of 'n' will always evaluate as 'true'
conftest.c:110: warning: the address of 'o' will always evaluate as 'true'
conftest.c:110: warning: the address of 'p' will always evaluate as 'true'
configure:5025: $? = 0
configure:5032: result: yes
configure:5034: checking for _Bool
configure:5034: x86_64-nacl-gcc -c -Wall -g -D_FILE_OFFSET_BITS=64 -O3 -DNDEBUG  -I/usr/local/include conftest.c >&5
configure:5034: $? = 0
configure:5034: x86_64-nacl-gcc -c -Wall -g -D_FILE_OFFSET_BITS=64 -O3 -DNDEBUG  -I/usr/local/include conftest.c >&5
conftest.c: In function 'main':
conftest.c:74: error: expected expression before ')' token
configure:5034: $? = 1
configure: failed program was:
| /* confdefs.h */
| #define PACKAGE_NAME "sphinx"
| #define PACKAGE_TARNAME "sphinx"
| #define PACKAGE_VERSION "2.1.3-dev"
| #define PACKAGE_STRING "sphinx 2.1.3-dev"
| #define PACKAGE_BUGREPORT "shodan(at)sphinxsearch.com"
| #define PACKAGE_URL ""
| #define PACKAGE "sphinx"
| #define VERSION "2.1.3-dev"
| #define COMPILER "x86_64-nacl-gcc 4.4.3"
| #define OS_UNAME "Linux home 3.5.0-43-generic #66~precise1-Ubuntu SMP Thu Oct 24 14:52:23 UTC 2013 x86_64 x86_64 x86_64 GNU/Linux"
| #define CONFIGURE_FLAGS " '--host=x86_64-nacl' '--without-mysql' '--without-pgsql' '--without-unixodbc' '--without-iconv' 'host_alias=x86_64-nacl'"
| #define STDC_HEADERS 1
| #define HAVE_SYS_WAIT_H 1
| #define HAVE_SYS_TYPES_H 1
| #define HAVE_SYS_STAT_H 1
| #define HAVE_STDLIB_H 1
| #define HAVE_STRING_H 1
| #define HAVE_MEMORY_H 1
| #define HAVE_STRINGS_H 1
| #define HAVE_INTTYPES_H 1
| #define HAVE_STDINT_H 1
| #define HAVE_UNISTD_H 1
| #define HAVE_FCNTL_H 1
| #define HAVE_LIMITS_H 1
| #define HAVE_NETDB_H 1
| #define HAVE_NETINET_IN_H 1
| #define HAVE_STDLIB_H 1
| #define HAVE_STRING_H 1
| #define HAVE_SYS_FILE_H 1
| #define HAVE_SYS_SOCKET_H 1
| #define HAVE_SYS_TIME_H 1
| #define HAVE_UNISTD_H 1
| #define HAVE_PTHREAD_H 1
| #define HAVE_EXECINFO_H 1
| #define HAVE_SYS_EPOLL_H 1
| /* end confdefs.h.  */
| #include <stdio.h>
| #ifdef HAVE_SYS_TYPES_H
| # include <sys/types.h>
| #endif
| #ifdef HAVE_SYS_STAT_H
| # include <sys/stat.h>
| #endif
| #ifdef STDC_HEADERS
| # include <stdlib.h>
| # include <stddef.h>
| #else
| # ifdef HAVE_STDLIB_H
| #  include <stdlib.h>
| # endif
| #endif
| #ifdef HAVE_STRING_H
| # if !defined STDC_HEADERS && defined HAVE_MEMORY_H
| #  include <memory.h>
| # endif
| # include <string.h>
| #endif
| #ifdef HAVE_STRINGS_H
| # include <strings.h>
| #endif
| #ifdef HAVE_INTTYPES_H
| # include <inttypes.h>
| #endif
| #ifdef HAVE_STDINT_H
| # include <stdint.h>
| #endif
| #ifdef HAVE_UNISTD_H
| # include <unistd.h>
| #endif
| int
| main ()
| {
| if (sizeof ((_Bool)))
| 	    return 0;
|   ;
|   return 0;
| }
configure:5034: result: yes
configure:5050: checking for an ANSI C-conforming const
configure:5115: x86_64-nacl-gcc -c -Wall -g -D_FILE_OFFSET_BITS=64 -O3 -DNDEBUG  -I/usr/local/include conftest.c >&5
conftest.c: In function 'main':
conftest.c:69: warning: 't' is used uninitialized in this function
conftest.c:85: warning: 'b' is used uninitialized in this function
conftest.c:48: warning: 'cs[0]' is used uninitialized in this function
configure:5115: $? = 0
configure:5122: result: yes
configure:5130: checking for inline
configure:5146: x86_64-nacl-gcc -c -Wall -g -D_FILE_OFFSET_BITS=64 -O3 -DNDEBUG  -I/usr/local/include conftest.c >&5
configure:5146: $? = 0
configure:5154: result: inline
configure:5172: checking for off_t
configure:5172: x86_64-nacl-gcc -c -Wall -g -D_FILE_OFFSET_BITS=64 -O3 -DNDEBUG  -I/usr/local/include conftest.c >&5
configure:5172: $? = 0
configure:5172: x86_64-nacl-gcc -c -Wall -g -D_FILE_OFFSET_BITS=64 -O3 -DNDEBUG  -I/usr/local/include conftest.c >&5
conftest.c: In function 'main':
conftest.c:76: error: expected expression before ')' token
configure:5172: $? = 1
configure: failed program was:
| /* confdefs.h */
| #define PACKAGE_NAME "sphinx"
| #define PACKAGE_TARNAME "sphinx"
| #define PACKAGE_VERSION "2.1.3-dev"
| #define PACKAGE_STRING "sphinx 2.1.3-dev"
| #define PACKAGE_BUGREPORT "shodan(at)sphinxsearch.com"
| #define PACKAGE_URL ""
| #define PACKAGE "sphinx"
| #define VERSION "2.1.3-dev"
| #define COMPILER "x86_64-nacl-gcc 4.4.3"
| #define OS_UNAME "Linux home 3.5.0-43-generic #66~precise1-Ubuntu SMP Thu Oct 24 14:52:23 UTC 2013 x86_64 x86_64 x86_64 GNU/Linux"
| #define CONFIGURE_FLAGS " '--host=x86_64-nacl' '--without-mysql' '--without-pgsql' '--without-unixodbc' '--without-iconv' 'host_alias=x86_64-nacl'"
| #define STDC_HEADERS 1
| #define HAVE_SYS_WAIT_H 1
| #define HAVE_SYS_TYPES_H 1
| #define HAVE_SYS_STAT_H 1
| #define HAVE_STDLIB_H 1
| #define HAVE_STRING_H 1
| #define HAVE_MEMORY_H 1
| #define HAVE_STRINGS_H 1
| #define HAVE_INTTYPES_H 1
| #define HAVE_STDINT_H 1
| #define HAVE_UNISTD_H 1
| #define HAVE_FCNTL_H 1
| #define HAVE_LIMITS_H 1
| #define HAVE_NETDB_H 1
| #define HAVE_NETINET_IN_H 1
| #define HAVE_STDLIB_H 1
| #define HAVE_STRING_H 1
| #define HAVE_SYS_FILE_H 1
| #define HAVE_SYS_SOCKET_H 1
| #define HAVE_SYS_TIME_H 1
| #define HAVE_UNISTD_H 1
| #define HAVE_PTHREAD_H 1
| #define HAVE_EXECINFO_H 1
| #define HAVE_SYS_EPOLL_H 1
| #define HAVE__BOOL 1
| #define HAVE_STDBOOL_H 1
| /* end confdefs.h.  */
| #include <stdio.h>
| #ifdef HAVE_SYS_TYPES_H
| # include <sys/types.h>
| #endif
| #ifdef HAVE_SYS_STAT_H
| # include <sys/stat.h>
| #endif
| #ifdef STDC_HEADERS
| # include <stdlib.h>
| # include <stddef.h>
| #else
| # ifdef HAVE_STDLIB_H
| #  include <stdlib.h>
| # endif
| #endif
| #ifdef HAVE_STRING_H
| # if !defined STDC_HEADERS && defined HAVE_MEMORY_H
| #  include <memory.h>
| # endif
| # include <string.h>
| #endif
| #ifdef HAVE_STRINGS_H
| # include <strings.h>
| #endif
| #ifdef HAVE_INTTYPES_H
| # include <inttypes.h>
| #endif
| #ifdef HAVE_STDINT_H
| # include <stdint.h>
| #endif
| #ifdef HAVE_UNISTD_H
| # include <unistd.h>
| #endif
| int
| main ()
| {
| if (sizeof ((off_t)))
| 	    return 0;
|   ;
|   return 0;
| }
configure:5172: result: yes
configure:5183: checking for size_t
configure:5183: x86_64-nacl-gcc -c -Wall -g -D_FILE_OFFSET_BITS=64 -O3 -DNDEBUG  -I/usr/local/include conftest.c >&5
configure:5183: $? = 0
configure:5183: x86_64-nacl-gcc -c -Wall -g -D_FILE_OFFSET_BITS=64 -O3 -DNDEBUG  -I/usr/local/include conftest.c >&5
conftest.c: In function 'main':
conftest.c:76: error: expected expression before ')' token
configure:5183: $? = 1
configure: failed program was:
| /* confdefs.h */
| #define PACKAGE_NAME "sphinx"
| #define PACKAGE_TARNAME "sphinx"
| #define PACKAGE_VERSION "2.1.3-dev"
| #define PACKAGE_STRING "sphinx 2.1.3-dev"
| #define PACKAGE_BUGREPORT "shodan(at)sphinxsearch.com"
| #define PACKAGE_URL ""
| #define PACKAGE "sphinx"
| #define VERSION "2.1.3-dev"
| #define COMPILER "x86_64-nacl-gcc 4.4.3"
| #define OS_UNAME "Linux home 3.5.0-43-generic #66~precise1-Ubuntu SMP Thu Oct 24 14:52:23 UTC 2013 x86_64 x86_64 x86_64 GNU/Linux"
| #define CONFIGURE_FLAGS " '--host=x86_64-nacl' '--without-mysql' '--without-pgsql' '--without-unixodbc' '--without-iconv' 'host_alias=x86_64-nacl'"
| #define STDC_HEADERS 1
| #define HAVE_SYS_WAIT_H 1
| #define HAVE_SYS_TYPES_H 1
| #define HAVE_SYS_STAT_H 1
| #define HAVE_STDLIB_H 1
| #define HAVE_STRING_H 1
| #define HAVE_MEMORY_H 1
| #define HAVE_STRINGS_H 1
| #define HAVE_INTTYPES_H 1
| #define HAVE_STDINT_H 1
| #define HAVE_UNISTD_H 1
| #define HAVE_FCNTL_H 1
| #define HAVE_LIMITS_H 1
| #define HAVE_NETDB_H 1
| #define HAVE_NETINET_IN_H 1
| #define HAVE_STDLIB_H 1
| #define HAVE_STRING_H 1
| #define HAVE_SYS_FILE_H 1
| #define HAVE_SYS_SOCKET_H 1
| #define HAVE_SYS_TIME_H 1
| #define HAVE_UNISTD_H 1
| #define HAVE_PTHREAD_H 1
| #define HAVE_EXECINFO_H 1
| #define HAVE_SYS_EPOLL_H 1
| #define HAVE__BOOL 1
| #define HAVE_STDBOOL_H 1
| /* end confdefs.h.  */
| #include <stdio.h>
| #ifdef HAVE_SYS_TYPES_H
| # include <sys/types.h>
| #endif
| #ifdef HAVE_SYS_STAT_H
| # include <sys/stat.h>
| #endif
| #ifdef STDC_HEADERS
| # include <stdlib.h>
| # include <stddef.h>
| #else
| # ifdef HAVE_STDLIB_H
| #  include <stdlib.h>
| # endif
| #endif
| #ifdef HAVE_STRING_H
| # if !defined STDC_HEADERS && defined HAVE_MEMORY_H
| #  include <memory.h>
| # endif
| # include <string.h>
| #endif
| #ifdef HAVE_STRINGS_H
| # include <strings.h>
| #endif
| #ifdef HAVE_INTTYPES_H
| # include <inttypes.h>
| #endif
| #ifdef HAVE_STDINT_H
| # include <stdint.h>
| #endif
| #ifdef HAVE_UNISTD_H
| # include <unistd.h>
| #endif
| int
| main ()
| {
| if (sizeof ((size_t)))
| 	    return 0;
|   ;
|   return 0;
| }
configure:5183: result: yes
configure:5194: checking whether time.h and sys/time.h may both be included
configure:5214: x86_64-nacl-gcc -c -Wall -g -D_FILE_OFFSET_BITS=64 -O3 -DNDEBUG  -I/usr/local/include conftest.c >&5
configure:5214: $? = 0
configure:5221: result: yes
configure:5232: result: 
configure:5234: result: checking for library functions
configure:5237: result: ------------------------------
configure:5239: result: 
configure:5244: checking for pid_t
configure:5244: x86_64-nacl-gcc -c -Wall -g -D_FILE_OFFSET_BITS=64 -O3 -DNDEBUG  -I/usr/local/include conftest.c >&5
configure:5244: $? = 0
configure:5244: x86_64-nacl-gcc -c -Wall -g -D_FILE_OFFSET_BITS=64 -O3 -DNDEBUG  -I/usr/local/include conftest.c >&5
conftest.c: In function 'main':
conftest.c:77: error: expected expression before ')' token
configure:5244: $? = 1
configure: failed program was:
| /* confdefs.h */
| #define PACKAGE_NAME "sphinx"
| #define PACKAGE_TARNAME "sphinx"
| #define PACKAGE_VERSION "2.1.3-dev"
| #define PACKAGE_STRING "sphinx 2.1.3-dev"
| #define PACKAGE_BUGREPORT "shodan(at)sphinxsearch.com"
| #define PACKAGE_URL ""
| #define PACKAGE "sphinx"
| #define VERSION "2.1.3-dev"
| #define COMPILER "x86_64-nacl-gcc 4.4.3"
| #define OS_UNAME "Linux home 3.5.0-43-generic #66~precise1-Ubuntu SMP Thu Oct 24 14:52:23 UTC 2013 x86_64 x86_64 x86_64 GNU/Linux"
| #define CONFIGURE_FLAGS " '--host=x86_64-nacl' '--without-mysql' '--without-pgsql' '--without-unixodbc' '--without-iconv' 'host_alias=x86_64-nacl'"
| #define STDC_HEADERS 1
| #define HAVE_SYS_WAIT_H 1
| #define HAVE_SYS_TYPES_H 1
| #define HAVE_SYS_STAT_H 1
| #define HAVE_STDLIB_H 1
| #define HAVE_STRING_H 1
| #define HAVE_MEMORY_H 1
| #define HAVE_STRINGS_H 1
| #define HAVE_INTTYPES_H 1
| #define HAVE_STDINT_H 1
| #define HAVE_UNISTD_H 1
| #define HAVE_FCNTL_H 1
| #define HAVE_LIMITS_H 1
| #define HAVE_NETDB_H 1
| #define HAVE_NETINET_IN_H 1
| #define HAVE_STDLIB_H 1
| #define HAVE_STRING_H 1
| #define HAVE_SYS_FILE_H 1
| #define HAVE_SYS_SOCKET_H 1
| #define HAVE_SYS_TIME_H 1
| #define HAVE_UNISTD_H 1
| #define HAVE_PTHREAD_H 1
| #define HAVE_EXECINFO_H 1
| #define HAVE_SYS_EPOLL_H 1
| #define HAVE__BOOL 1
| #define HAVE_STDBOOL_H 1
| #define TIME_WITH_SYS_TIME 1
| /* end confdefs.h.  */
| #include <stdio.h>
| #ifdef HAVE_SYS_TYPES_H
| # include <sys/types.h>
| #endif
| #ifdef HAVE_SYS_STAT_H
| # include <sys/stat.h>
| #endif
| #ifdef STDC_HEADERS
| # include <stdlib.h>
| # include <stddef.h>
| #else
| # ifdef HAVE_STDLIB_H
| #  include <stdlib.h>
| # endif
| #endif
| #ifdef HAVE_STRING_H
| # if !defined STDC_HEADERS && defined HAVE_MEMORY_H
| #  include <memory.h>
| # endif
| # include <string.h>
| #endif
| #ifdef HAVE_STRINGS_H
| # include <strings.h>
| #endif
| #ifdef HAVE_INTTYPES_H
| # include <inttypes.h>
| #endif
| #ifdef HAVE_STDINT_H
| # include <stdint.h>
| #endif
| #ifdef HAVE_UNISTD_H
| # include <unistd.h>
| #endif
| int
| main ()
| {
| if (sizeof ((pid_t)))
| 	    return 0;
|   ;
|   return 0;
| }
configure:5244: result: yes
configure:5257: checking vfork.h usability
configure:5257: x86_64-nacl-gcc -c -Wall -g -D_FILE_OFFSET_BITS=64 -O3 -DNDEBUG  -I/usr/local/include conftest.c >&5
conftest.c:74:19: error: vfork.h: No such file or directory
configure:5257: $? = 1
configure: failed program was:
| /* confdefs.h */
| #define PACKAGE_NAME "sphinx"
| #define PACKAGE_TARNAME "sphinx"
| #define PACKAGE_VERSION "2.1.3-dev"
| #define PACKAGE_STRING "sphinx 2.1.3-dev"
| #define PACKAGE_BUGREPORT "shodan(at)sphinxsearch.com"
| #define PACKAGE_URL ""
| #define PACKAGE "sphinx"
| #define VERSION "2.1.3-dev"
| #define COMPILER "x86_64-nacl-gcc 4.4.3"
| #define OS_UNAME "Linux home 3.5.0-43-generic #66~precise1-Ubuntu SMP Thu Oct 24 14:52:23 UTC 2013 x86_64 x86_64 x86_64 GNU/Linux"
| #define CONFIGURE_FLAGS " '--host=x86_64-nacl' '--without-mysql' '--without-pgsql' '--without-unixodbc' '--without-iconv' 'host_alias=x86_64-nacl'"
| #define STDC_HEADERS 1
| #define HAVE_SYS_WAIT_H 1
| #define HAVE_SYS_TYPES_H 1
| #define HAVE_SYS_STAT_H 1
| #define HAVE_STDLIB_H 1
| #define HAVE_STRING_H 1
| #define HAVE_MEMORY_H 1
| #define HAVE_STRINGS_H 1
| #define HAVE_INTTYPES_H 1
| #define HAVE_STDINT_H 1
| #define HAVE_UNISTD_H 1
| #define HAVE_FCNTL_H 1
| #define HAVE_LIMITS_H 1
| #define HAVE_NETDB_H 1
| #define HAVE_NETINET_IN_H 1
| #define HAVE_STDLIB_H 1
| #define HAVE_STRING_H 1
| #define HAVE_SYS_FILE_H 1
| #define HAVE_SYS_SOCKET_H 1
| #define HAVE_SYS_TIME_H 1
| #define HAVE_UNISTD_H 1
| #define HAVE_PTHREAD_H 1
| #define HAVE_EXECINFO_H 1
| #define HAVE_SYS_EPOLL_H 1
| #define HAVE__BOOL 1
| #define HAVE_STDBOOL_H 1
| #define TIME_WITH_SYS_TIME 1
| /* end confdefs.h.  */
| #include <stdio.h>
| #ifdef HAVE_SYS_TYPES_H
| # include <sys/types.h>
| #endif
| #ifdef HAVE_SYS_STAT_H
| # include <sys/stat.h>
| #endif
| #ifdef STDC_HEADERS
| # include <stdlib.h>
| # include <stddef.h>
| #else
| # ifdef HAVE_STDLIB_H
| #  include <stdlib.h>
| # endif
| #endif
| #ifdef HAVE_STRING_H
| # if !defined STDC_HEADERS && defined HAVE_MEMORY_H
| #  include <memory.h>
| # endif
| # include <string.h>
| #endif
| #ifdef HAVE_STRINGS_H
| # include <strings.h>
| #endif
| #ifdef HAVE_INTTYPES_H
| # include <inttypes.h>
| #endif
| #ifdef HAVE_STDINT_H
| # include <stdint.h>
| #endif
| #ifdef HAVE_UNISTD_H
| # include <unistd.h>
| #endif
| #include <vfork.h>
configure:5257: result: no
configure:5257: checking vfork.h presence
configure:5257: x86_64-nacl-gcc -E  -I/usr/local/include conftest.c
conftest.c:41:19: error: vfork.h: No such file or directory
configure:5257: $? = 1
configure: failed program was:
| /* confdefs.h */
| #define PACKAGE_NAME "sphinx"
| #define PACKAGE_TARNAME "sphinx"
| #define PACKAGE_VERSION "2.1.3-dev"
| #define PACKAGE_STRING "sphinx 2.1.3-dev"
| #define PACKAGE_BUGREPORT "shodan(at)sphinxsearch.com"
| #define PACKAGE_URL ""
| #define PACKAGE "sphinx"
| #define VERSION "2.1.3-dev"
| #define COMPILER "x86_64-nacl-gcc 4.4.3"
| #define OS_UNAME "Linux home 3.5.0-43-generic #66~precise1-Ubuntu SMP Thu Oct 24 14:52:23 UTC 2013 x86_64 x86_64 x86_64 GNU/Linux"
| #define CONFIGURE_FLAGS " '--host=x86_64-nacl' '--without-mysql' '--without-pgsql' '--without-unixodbc' '--without-iconv' 'host_alias=x86_64-nacl'"
| #define STDC_HEADERS 1
| #define HAVE_SYS_WAIT_H 1
| #define HAVE_SYS_TYPES_H 1
| #define HAVE_SYS_STAT_H 1
| #define HAVE_STDLIB_H 1
| #define HAVE_STRING_H 1
| #define HAVE_MEMORY_H 1
| #define HAVE_STRINGS_H 1
| #define HAVE_INTTYPES_H 1
| #define HAVE_STDINT_H 1
| #define HAVE_UNISTD_H 1
| #define HAVE_FCNTL_H 1
| #define HAVE_LIMITS_H 1
| #define HAVE_NETDB_H 1
| #define HAVE_NETINET_IN_H 1
| #define HAVE_STDLIB_H 1
| #define HAVE_STRING_H 1
| #define HAVE_SYS_FILE_H 1
| #define HAVE_SYS_SOCKET_H 1
| #define HAVE_SYS_TIME_H 1
| #define HAVE_UNISTD_H 1
| #define HAVE_PTHREAD_H 1
| #define HAVE_EXECINFO_H 1
| #define HAVE_SYS_EPOLL_H 1
| #define HAVE__BOOL 1
| #define HAVE_STDBOOL_H 1
| #define TIME_WITH_SYS_TIME 1
| /* end confdefs.h.  */
| #include <vfork.h>
configure:5257: result: no
configure:5257: checking for vfork.h
configure:5257: result: no
configure:5270: checking for fork
configure:5270: x86_64-nacl-gcc -o conftest -Wall -g -D_FILE_OFFSET_BITS=64 -O3 -DNDEBUG  -I/usr/local/include  conftest.c  -L/usr/local/lib >&5
conftest.c:64: warning: conflicting types for built-in function 'fork'
conftest.c:69: error: expected '=', ',', ';', 'asm' or '__attribute__' before 'me'
configure:5270: $? = 1
configure: failed program was:
| /* confdefs.h */
| #define PACKAGE_NAME "sphinx"
| #define PACKAGE_TARNAME "sphinx"
| #define PACKAGE_VERSION "2.1.3-dev"
| #define PACKAGE_STRING "sphinx 2.1.3-dev"
| #define PACKAGE_BUGREPORT "shodan(at)sphinxsearch.com"
| #define PACKAGE_URL ""
| #define PACKAGE "sphinx"
| #define VERSION "2.1.3-dev"
| #define COMPILER "x86_64-nacl-gcc 4.4.3"
| #define OS_UNAME "Linux home 3.5.0-43-generic #66~precise1-Ubuntu SMP Thu Oct 24 14:52:23 UTC 2013 x86_64 x86_64 x86_64 GNU/Linux"
| #define CONFIGURE_FLAGS " '--host=x86_64-nacl' '--without-mysql' '--without-pgsql' '--without-unixodbc' '--without-iconv' 'host_alias=x86_64-nacl'"
| #define STDC_HEADERS 1
| #define HAVE_SYS_WAIT_H 1
| #define HAVE_SYS_TYPES_H 1
| #define HAVE_SYS_STAT_H 1
| #define HAVE_STDLIB_H 1
| #define HAVE_STRING_H 1
| #define HAVE_MEMORY_H 1
| #define HAVE_STRINGS_H 1
| #define HAVE_INTTYPES_H 1
| #define HAVE_STDINT_H 1
| #define HAVE_UNISTD_H 1
| #define HAVE_FCNTL_H 1
| #define HAVE_LIMITS_H 1
| #define HAVE_NETDB_H 1
| #define HAVE_NETINET_IN_H 1
| #define HAVE_STDLIB_H 1
| #define HAVE_STRING_H 1
| #define HAVE_SYS_FILE_H 1
| #define HAVE_SYS_SOCKET_H 1
| #define HAVE_SYS_TIME_H 1
| #define HAVE_UNISTD_H 1
| #define HAVE_PTHREAD_H 1
| #define HAVE_EXECINFO_H 1
| #define HAVE_SYS_EPOLL_H 1
| #define HAVE__BOOL 1
| #define HAVE_STDBOOL_H 1
| #define TIME_WITH_SYS_TIME 1
| /* end confdefs.h.  */
| /* Define fork to an innocuous variant, in case <limits.h> declares fork.
|    For example, HP-UX 11i <limits.h> declares gettimeofday.  */
| #define fork innocuous_fork
| 
| /* System header to define __stub macros and hopefully few prototypes,
|     which can conflict with char fork (); below.
|     Prefer <limits.h> to <assert.h> if __STDC__ is defined, since
|     <limits.h> exists even on freestanding compilers.  */
| 
| #ifdef __STDC__
| # include <limits.h>
| #else
| # include <assert.h>
| #endif
| 
| #undef fork
| 
| /* Override any GCC internal prototype to avoid an error.
|    Use char because int might match the return type of a GCC
|    builtin and then its argument prototype would still apply.  */
| #ifdef __cplusplus
| extern "C"
| #endif
| char fork ();
| /* The GNU C library defines this for functions which it implements
|     to always fail with ENOSYS.  Some functions are actually named
|     something starting with __ and the normal name is an alias.  */
| #if defined __stub_fork || defined __stub___fork
| choke me
| #endif
| 
| int
| main ()
| {
| return fork ();
|   ;
|   return 0;
| }
configure:5270: result: no
configure:5270: checking for vfork
configure:5270: x86_64-nacl-gcc -o conftest -Wall -g -D_FILE_OFFSET_BITS=64 -O3 -DNDEBUG  -I/usr/local/include  conftest.c  -L/usr/local/lib >&5
configure:5270: $? = 0
configure:5270: result: yes
configure:5334: checking for working vfork
configure:5444: result: yes
configure:5471: checking for stdlib.h
configure:5471: result: yes
configure:5481: checking for GNU libc compatible malloc
configure:5515: result: yes
configure:5538: checking for stdlib.h
configure:5538: result: yes
configure:5548: checking for GNU libc compatible realloc
configure:5582: result: no
configure:5606: checking sys/select.h usability
configure:5606: x86_64-nacl-gcc -c -Wall -g -D_FILE_OFFSET_BITS=64 -O3 -DNDEBUG  -I/usr/local/include conftest.c >&5
configure:5606: $? = 0
configure:5606: result: yes
configure:5606: checking sys/select.h presence
configure:5606: x86_64-nacl-gcc -E  -I/usr/local/include conftest.c
configure:5606: $? = 0
configure:5606: result: yes
configure:5606: checking for sys/select.h
configure:5606: result: yes
configure:5606: checking for sys/socket.h
configure:5606: result: yes
configure:5617: checking types of arguments for select
configure:5645: x86_64-nacl-gcc -c -Wall -g -D_FILE_OFFSET_BITS=64 -O3 -DNDEBUG  -I/usr/local/include conftest.c >&5
configure:5645: $? = 0
configure:5656: result: int,fd_set *,struct timeval *
configure:5679: checking return type of signal handlers
configure:5697: x86_64-nacl-gcc -c -Wall -g -D_FILE_OFFSET_BITS=64 -O3 -DNDEBUG  -I/usr/local/include conftest.c >&5
conftest.c: In function 'main':
conftest.c:59: error: void value not ignored as it ought to be
configure:5697: $? = 1
configure: failed program was:
| /* confdefs.h */
| #define PACKAGE_NAME "sphinx"
| #define PACKAGE_TARNAME "sphinx"
| #define PACKAGE_VERSION "2.1.3-dev"
| #define PACKAGE_STRING "sphinx 2.1.3-dev"
| #define PACKAGE_BUGREPORT "shodan(at)sphinxsearch.com"
| #define PACKAGE_URL ""
| #define PACKAGE "sphinx"
| #define VERSION "2.1.3-dev"
| #define COMPILER "x86_64-nacl-gcc 4.4.3"
| #define OS_UNAME "Linux home 3.5.0-43-generic #66~precise1-Ubuntu SMP Thu Oct 24 14:52:23 UTC 2013 x86_64 x86_64 x86_64 GNU/Linux"
| #define CONFIGURE_FLAGS " '--host=x86_64-nacl' '--without-mysql' '--without-pgsql' '--without-unixodbc' '--without-iconv' 'host_alias=x86_64-nacl'"
| #define STDC_HEADERS 1
| #define HAVE_SYS_WAIT_H 1
| #define HAVE_SYS_TYPES_H 1
| #define HAVE_SYS_STAT_H 1
| #define HAVE_STDLIB_H 1
| #define HAVE_STRING_H 1
| #define HAVE_MEMORY_H 1
| #define HAVE_STRINGS_H 1
| #define HAVE_INTTYPES_H 1
| #define HAVE_STDINT_H 1
| #define HAVE_UNISTD_H 1
| #define HAVE_FCNTL_H 1
| #define HAVE_LIMITS_H 1
| #define HAVE_NETDB_H 1
| #define HAVE_NETINET_IN_H 1
| #define HAVE_STDLIB_H 1
| #define HAVE_STRING_H 1
| #define HAVE_SYS_FILE_H 1
| #define HAVE_SYS_SOCKET_H 1
| #define HAVE_SYS_TIME_H 1
| #define HAVE_UNISTD_H 1
| #define HAVE_PTHREAD_H 1
| #define HAVE_EXECINFO_H 1
| #define HAVE_SYS_EPOLL_H 1
| #define HAVE__BOOL 1
| #define HAVE_STDBOOL_H 1
| #define TIME_WITH_SYS_TIME 1
| #define HAVE_VFORK 1
| #define HAVE_WORKING_VFORK 1
| #define HAVE_STDLIB_H 1
| #define HAVE_MALLOC 1
| #define HAVE_STDLIB_H 1
| #define HAVE_REALLOC 0
| #define realloc rpl_realloc
| #define HAVE_SYS_SELECT_H 1
| #define HAVE_SYS_SOCKET_H 1
| #define SELECT_TYPE_ARG1 int
| #define SELECT_TYPE_ARG234 (fd_set *)
| #define SELECT_TYPE_ARG5 (struct timeval *)
| /* end confdefs.h.  */
| #include <sys/types.h>
| #include <signal.h>
| 
| int
| main ()
| {
| return *(signal (0, 0)) (0) == 1;
|   ;
|   return 0;
| }
configure:5704: result: void
configure:5712: checking whether lstat correctly handles trailing slash
configure:5755: result: no
configure:5774: checking whether stat accepts an empty string
configure:5804: result: yes
configure:5822: checking for vprintf
configure:5822: x86_64-nacl-gcc -o conftest -Wall -g -D_FILE_OFFSET_BITS=64 -O3 -DNDEBUG  -I/usr/local/include  conftest.c  -L/usr/local/lib >&5
conftest.c:78: warning: conflicting types for built-in function 'vprintf'
configure:5822: $? = 0
configure:5822: result: yes
configure:5828: checking for _doprnt
configure:5828: x86_64-nacl-gcc -o conftest -Wall -g -D_FILE_OFFSET_BITS=64 -O3 -DNDEBUG  -I/usr/local/include  conftest.c  -L/usr/local/lib >&5
/tmp/ccSYAfRv.o: In function `main':
/home/volodymyr/git/work/sphinx-port/conftest.c:90: undefined reference to `_doprnt'
collect2: ld returned 1 exit status
configure:5828: $? = 1
configure: failed program was:
| /* confdefs.h */
| #define PACKAGE_NAME "sphinx"
| #define PACKAGE_TARNAME "sphinx"
| #define PACKAGE_VERSION "2.1.3-dev"
| #define PACKAGE_STRING "sphinx 2.1.3-dev"
| #define PACKAGE_BUGREPORT "shodan(at)sphinxsearch.com"
| #define PACKAGE_URL ""
| #define PACKAGE "sphinx"
| #define VERSION "2.1.3-dev"
| #define COMPILER "x86_64-nacl-gcc 4.4.3"
| #define OS_UNAME "Linux home 3.5.0-43-generic #66~precise1-Ubuntu SMP Thu Oct 24 14:52:23 UTC 2013 x86_64 x86_64 x86_64 GNU/Linux"
| #define CONFIGURE_FLAGS " '--host=x86_64-nacl' '--without-mysql' '--without-pgsql' '--without-unixodbc' '--without-iconv' 'host_alias=x86_64-nacl'"
| #define STDC_HEADERS 1
| #define HAVE_SYS_WAIT_H 1
| #define HAVE_SYS_TYPES_H 1
| #define HAVE_SYS_STAT_H 1
| #define HAVE_STDLIB_H 1
| #define HAVE_STRING_H 1
| #define HAVE_MEMORY_H 1
| #define HAVE_STRINGS_H 1
| #define HAVE_INTTYPES_H 1
| #define HAVE_STDINT_H 1
| #define HAVE_UNISTD_H 1
| #define HAVE_FCNTL_H 1
| #define HAVE_LIMITS_H 1
| #define HAVE_NETDB_H 1
| #define HAVE_NETINET_IN_H 1
| #define HAVE_STDLIB_H 1
| #define HAVE_STRING_H 1
| #define HAVE_SYS_FILE_H 1
| #define HAVE_SYS_SOCKET_H 1
| #define HAVE_SYS_TIME_H 1
| #define HAVE_UNISTD_H 1
| #define HAVE_PTHREAD_H 1
| #define HAVE_EXECINFO_H 1
| #define HAVE_SYS_EPOLL_H 1
| #define HAVE__BOOL 1
| #define HAVE_STDBOOL_H 1
| #define TIME_WITH_SYS_TIME 1
| #define HAVE_VFORK 1
| #define HAVE_WORKING_VFORK 1
| #define HAVE_STDLIB_H 1
| #define HAVE_MALLOC 1
| #define HAVE_STDLIB_H 1
| #define HAVE_REALLOC 0
| #define realloc rpl_realloc
| #define HAVE_SYS_SELECT_H 1
| #define HAVE_SYS_SOCKET_H 1
| #define SELECT_TYPE_ARG1 int
| #define SELECT_TYPE_ARG234 (fd_set *)
| #define SELECT_TYPE_ARG5 (struct timeval *)
| #define RETSIGTYPE void
| #define HAVE_STAT_EMPTY_STRING_BUG 1
| #define HAVE_VPRINTF 1
| /* end confdefs.h.  */
| /* Define _doprnt to an innocuous variant, in case <limits.h> declares _doprnt.
|    For example, HP-UX 11i <limits.h> declares gettimeofday.  */
| #define _doprnt innocuous__doprnt
| 
| /* System header to define __stub macros and hopefully few prototypes,
|     which can conflict with char _doprnt (); below.
|     Prefer <limits.h> to <assert.h> if __STDC__ is defined, since
|     <limits.h> exists even on freestanding compilers.  */
| 
| #ifdef __STDC__
| # include <limits.h>
| #else
| # include <assert.h>
| #endif
| 
| #undef _doprnt
| 
| /* Override any GCC internal prototype to avoid an error.
|    Use char because int might match the return type of a GCC
|    builtin and then its argument prototype would still apply.  */
| #ifdef __cplusplus
| extern "C"
| #endif
| char _doprnt ();
| /* The GNU C library defines this for functions which it implements
|     to always fail with ENOSYS.  Some functions are actually named
|     something starting with __ and the normal name is an alias.  */
| #if defined __stub__doprnt || defined __stub____doprnt
| choke me
| #endif
| 
| int
| main ()
| {
| return _doprnt ();
|   ;
|   return 0;
| }
configure:5828: result: no
configure:5839: checking for library containing setsockopt
configure:5870: x86_64-nacl-gcc -o conftest -Wall -g -D_FILE_OFFSET_BITS=64 -O3 -DNDEBUG  -I/usr/local/include  conftest.c  -L/usr/local/lib >&5
configure:5870: $? = 0
configure:5887: result: none required
configure:5895: checking for library containing gethostbyname
configure:5926: x86_64-nacl-gcc -o conftest -Wall -g -D_FILE_OFFSET_BITS=64 -O3 -DNDEBUG  -I/usr/local/include  conftest.c  -L/usr/local/lib >&5
/tmp/cc1oxfJm.o: In function `main':
/home/volodymyr/git/work/sphinx-port/conftest.c:67: warning: Using 'gethostbyname' in statically linked applications requires at runtime the shared libraries from the glibc version used for linking
configure:5926: $? = 0
configure:5943: result: none required
configure:5951: checking for library containing inflate
configure:5982: x86_64-nacl-gcc -o conftest -Wall -g -D_FILE_OFFSET_BITS=64 -O3 -DNDEBUG  -I/usr/local/include  conftest.c  -L/usr/local/lib >&5
/tmp/ccTgwhiO.o: In function `main':
/home/volodymyr/git/work/sphinx-port/conftest.c:67: undefined reference to `inflate'
collect2: ld returned 1 exit status
configure:5982: $? = 1
configure: failed program was:
| /* confdefs.h */
| #define PACKAGE_NAME "sphinx"
| #define PACKAGE_TARNAME "sphinx"
| #define PACKAGE_VERSION "2.1.3-dev"
| #define PACKAGE_STRING "sphinx 2.1.3-dev"
| #define PACKAGE_BUGREPORT "shodan(at)sphinxsearch.com"
| #define PACKAGE_URL ""
| #define PACKAGE "sphinx"
| #define VERSION "2.1.3-dev"
| #define COMPILER "x86_64-nacl-gcc 4.4.3"
| #define OS_UNAME "Linux home 3.5.0-43-generic #66~precise1-Ubuntu SMP Thu Oct 24 14:52:23 UTC 2013 x86_64 x86_64 x86_64 GNU/Linux"
| #define CONFIGURE_FLAGS " '--host=x86_64-nacl' '--without-mysql' '--without-pgsql' '--without-unixodbc' '--without-iconv' 'host_alias=x86_64-nacl'"
| #define STDC_HEADERS 1
| #define HAVE_SYS_WAIT_H 1
| #define HAVE_SYS_TYPES_H 1
| #define HAVE_SYS_STAT_H 1
| #define HAVE_STDLIB_H 1
| #define HAVE_STRING_H 1
| #define HAVE_MEMORY_H 1
| #define HAVE_STRINGS_H 1
| #define HAVE_INTTYPES_H 1
| #define HAVE_STDINT_H 1
| #define HAVE_UNISTD_H 1
| #define HAVE_FCNTL_H 1
| #define HAVE_LIMITS_H 1
| #define HAVE_NETDB_H 1
| #define HAVE_NETINET_IN_H 1
| #define HAVE_STDLIB_H 1
| #define HAVE_STRING_H 1
| #define HAVE_SYS_FILE_H 1
| #define HAVE_SYS_SOCKET_H 1
| #define HAVE_SYS_TIME_H 1
| #define HAVE_UNISTD_H 1
| #define HAVE_PTHREAD_H 1
| #define HAVE_EXECINFO_H 1
| #define HAVE_SYS_EPOLL_H 1
| #define HAVE__BOOL 1
| #define HAVE_STDBOOL_H 1
| #define TIME_WITH_SYS_TIME 1
| #define HAVE_VFORK 1
| #define HAVE_WORKING_VFORK 1
| #define HAVE_STDLIB_H 1
| #define HAVE_MALLOC 1
| #define HAVE_STDLIB_H 1
| #define HAVE_REALLOC 0
| #define realloc rpl_realloc
| #define HAVE_SYS_SELECT_H 1
| #define HAVE_SYS_SOCKET_H 1
| #define SELECT_TYPE_ARG1 int
| #define SELECT_TYPE_ARG234 (fd_set *)
| #define SELECT_TYPE_ARG5 (struct timeval *)
| #define RETSIGTYPE void
| #define HAVE_STAT_EMPTY_STRING_BUG 1
| #define HAVE_VPRINTF 1
| /* end confdefs.h.  */
| 
| /* Override any GCC internal prototype to avoid an error.
|    Use char because int might match the return type of a GCC
|    builtin and then its argument prototype would still apply.  */
| #ifdef __cplusplus
| extern "C"
| #endif
| char inflate ();
| int
| main ()
| {
| return inflate ();
|   ;
|   return 0;
| }
configure:5982: x86_64-nacl-gcc -o conftest -Wall -g -D_FILE_OFFSET_BITS=64 -O3 -DNDEBUG  -I/usr/local/include  conftest.c -lz   -L/usr/local/lib >&5
configure:5982: $? = 0
configure:5999: result: -lz
configure:6009: checking for library containing logf
configure:6040: x86_64-nacl-gcc -o conftest -Wall -g -D_FILE_OFFSET_BITS=64 -O3 -DNDEBUG  -I/usr/local/include  conftest.c -lz  -L/usr/local/lib >&5
conftest.c:63: warning: conflicting types for built-in function 'logf'
/tmp/ccc5Nscz.o: In function `main':
/home/volodymyr/git/work/sphinx-port/conftest.c:67: undefined reference to `logf'
collect2: ld returned 1 exit status
configure:6040: $? = 1
configure: failed program was:
| /* confdefs.h */
| #define PACKAGE_NAME "sphinx"
| #define PACKAGE_TARNAME "sphinx"
| #define PACKAGE_VERSION "2.1.3-dev"
| #define PACKAGE_STRING "sphinx 2.1.3-dev"
| #define PACKAGE_BUGREPORT "shodan(at)sphinxsearch.com"
| #define PACKAGE_URL ""
| #define PACKAGE "sphinx"
| #define VERSION "2.1.3-dev"
| #define COMPILER "x86_64-nacl-gcc 4.4.3"
| #define OS_UNAME "Linux home 3.5.0-43-generic #66~precise1-Ubuntu SMP Thu Oct 24 14:52:23 UTC 2013 x86_64 x86_64 x86_64 GNU/Linux"
| #define CONFIGURE_FLAGS " '--host=x86_64-nacl' '--without-mysql' '--without-pgsql' '--without-unixodbc' '--without-iconv' 'host_alias=x86_64-nacl'"
| #define STDC_HEADERS 1
| #define HAVE_SYS_WAIT_H 1
| #define HAVE_SYS_TYPES_H 1
| #define HAVE_SYS_STAT_H 1
| #define HAVE_STDLIB_H 1
| #define HAVE_STRING_H 1
| #define HAVE_MEMORY_H 1
| #define HAVE_STRINGS_H 1
| #define HAVE_INTTYPES_H 1
| #define HAVE_STDINT_H 1
| #define HAVE_UNISTD_H 1
| #define HAVE_FCNTL_H 1
| #define HAVE_LIMITS_H 1
| #define HAVE_NETDB_H 1
| #define HAVE_NETINET_IN_H 1
| #define HAVE_STDLIB_H 1
| #define HAVE_STRING_H 1
| #define HAVE_SYS_FILE_H 1
| #define HAVE_SYS_SOCKET_H 1
| #define HAVE_SYS_TIME_H 1
| #define HAVE_UNISTD_H 1
| #define HAVE_PTHREAD_H 1
| #define HAVE_EXECINFO_H 1
| #define HAVE_SYS_EPOLL_H 1
| #define HAVE__BOOL 1
| #define HAVE_STDBOOL_H 1
| #define TIME_WITH_SYS_TIME 1
| #define HAVE_VFORK 1
| #define HAVE_WORKING_VFORK 1
| #define HAVE_STDLIB_H 1
| #define HAVE_MALLOC 1
| #define HAVE_STDLIB_H 1
| #define HAVE_REALLOC 0
| #define realloc rpl_realloc
| #define HAVE_SYS_SELECT_H 1
| #define HAVE_SYS_SOCKET_H 1
| #define SELECT_TYPE_ARG1 int
| #define SELECT_TYPE_ARG234 (fd_set *)
| #define SELECT_TYPE_ARG5 (struct timeval *)
| #define RETSIGTYPE void
| #define HAVE_STAT_EMPTY_STRING_BUG 1
| #define HAVE_VPRINTF 1
| /* end confdefs.h.  */
| 
| /* Override any GCC internal prototype to avoid an error.
|    Use char because int might match the return type of a GCC
|    builtin and then its argument prototype would still apply.  */
| #ifdef __cplusplus
| extern "C"
| #endif
| char logf ();
| int
| main ()
| {
| return logf ();
|   ;
|   return 0;
| }
configure:6040: x86_64-nacl-gcc -o conftest -Wall -g -D_FILE_OFFSET_BITS=64 -O3 -DNDEBUG  -I/usr/local/include  conftest.c -lm  -lz  -L/usr/local/lib >&5
conftest.c:63: warning: conflicting types for built-in function 'logf'
configure:6040: $? = 0
configure:6057: result: -lm
configure:6068: checking for dup2
configure:6068: x86_64-nacl-gcc -o conftest -Wall -g -D_FILE_OFFSET_BITS=64 -O3 -DNDEBUG  -I/usr/local/include  conftest.c -lm -lz  -L/usr/local/lib >&5
configure:6068: $? = 0
configure:6068: result: yes
configure:6068: checking for gethostbyname
configure:6068: x86_64-nacl-gcc -o conftest -Wall -g -D_FILE_OFFSET_BITS=64 -O3 -DNDEBUG  -I/usr/local/include  conftest.c -lm -lz  -L/usr/local/lib >&5
/tmp/ccbzAp3L.o: In function `main':
/home/volodymyr/git/work/sphinx-port/conftest.c:91: warning: Using 'gethostbyname' in statically linked applications requires at runtime the shared libraries from the glibc version used for linking
configure:6068: $? = 0
configure:6068: result: yes
configure:6068: checking for gettimeofday
configure:6068: x86_64-nacl-gcc -o conftest -Wall -g -D_FILE_OFFSET_BITS=64 -O3 -DNDEBUG  -I/usr/local/include  conftest.c -lm -lz  -L/usr/local/lib >&5
configure:6068: $? = 0
configure:6068: result: yes
configure:6068: checking for memmove
configure:6068: x86_64-nacl-gcc -o conftest -Wall -g -D_FILE_OFFSET_BITS=64 -O3 -DNDEBUG  -I/usr/local/include  conftest.c -lm -lz  -L/usr/local/lib >&5
conftest.c:82: warning: conflicting types for built-in function 'memmove'
configure:6068: $? = 0
configure:6068: result: yes
configure:6068: checking for memset
configure:6068: x86_64-nacl-gcc -o conftest -Wall -g -D_FILE_OFFSET_BITS=64 -O3 -DNDEBUG  -I/usr/local/include  conftest.c -lm -lz  -L/usr/local/lib >&5
conftest.c:83: warning: conflicting types for built-in function 'memset'
configure:6068: $? = 0
configure:6068: result: yes
configure:6068: checking for select
configure:6068: x86_64-nacl-gcc -o conftest -Wall -g -D_FILE_OFFSET_BITS=64 -O3 -DNDEBUG  -I/usr/local/include  conftest.c -lm -lz  -L/usr/local/lib >&5
configure:6068: $? = 0
configure:6068: result: yes
configure:6068: checking for socket
configure:6068: x86_64-nacl-gcc -o conftest -Wall -g -D_FILE_OFFSET_BITS=64 -O3 -DNDEBUG  -I/usr/local/include  conftest.c -lm -lz  -L/usr/local/lib >&5
configure:6068: $? = 0
configure:6068: result: yes
configure:6068: checking for strcasecmp
configure:6068: x86_64-nacl-gcc -o conftest -Wall -g -D_FILE_OFFSET_BITS=64 -O3 -DNDEBUG  -I/usr/local/include  conftest.c -lm -lz  -L/usr/local/lib >&5
conftest.c:86: warning: conflicting types for built-in function 'strcasecmp'
configure:6068: $? = 0
configure:6068: result: yes
configure:6068: checking for strchr
configure:6068: x86_64-nacl-gcc -o conftest -Wall -g -D_FILE_OFFSET_BITS=64 -O3 -DNDEBUG  -I/usr/local/include  conftest.c -lm -lz  -L/usr/local/lib >&5
conftest.c:87: warning: conflicting types for built-in function 'strchr'
configure:6068: $? = 0
configure:6068: result: yes
configure:6068: checking for strerror
configure:6068: x86_64-nacl-gcc -o conftest -Wall -g -D_FILE_OFFSET_BITS=64 -O3 -DNDEBUG  -I/usr/local/include  conftest.c -lm -lz  -L/usr/local/lib >&5
configure:6068: $? = 0
configure:6068: result: yes
configure:6068: checking for strncasecmp
configure:6068: x86_64-nacl-gcc -o conftest -Wall -g -D_FILE_OFFSET_BITS=64 -O3 -DNDEBUG  -I/usr/local/include  conftest.c -lm -lz  -L/usr/local/lib >&5
conftest.c:89: warning: conflicting types for built-in function 'strncasecmp'
configure:6068: $? = 0
configure:6068: result: yes
configure:6068: checking for strnlen
configure:6068: x86_64-nacl-gcc -o conftest -Wall -g -D_FILE_OFFSET_BITS=64 -O3 -DNDEBUG  -I/usr/local/include  conftest.c -lm -lz  -L/usr/local/lib >&5
configure:6068: $? = 0
configure:6068: result: yes
configure:6068: checking for strstr
configure:6068: x86_64-nacl-gcc -o conftest -Wall -g -D_FILE_OFFSET_BITS=64 -O3 -DNDEBUG  -I/usr/local/include  conftest.c -lm -lz  -L/usr/local/lib >&5
conftest.c:91: warning: conflicting types for built-in function 'strstr'
configure:6068: $? = 0
configure:6068: result: yes
configure:6068: checking for strtol
configure:6068: x86_64-nacl-gcc -o conftest -Wall -g -D_FILE_OFFSET_BITS=64 -O3 -DNDEBUG  -I/usr/local/include  conftest.c -lm -lz  -L/usr/local/lib >&5
configure:6068: $? = 0
configure:6068: result: yes
configure:6068: checking for logf
configure:6068: x86_64-nacl-gcc -o conftest -Wall -g -D_FILE_OFFSET_BITS=64 -O3 -DNDEBUG  -I/usr/local/include  conftest.c -lm -lz  -L/usr/local/lib >&5
conftest.c:93: warning: conflicting types for built-in function 'logf'
configure:6068: $? = 0
configure:6068: result: yes
configure:6068: checking for pread
configure:6068: x86_64-nacl-gcc -o conftest -Wall -g -D_FILE_OFFSET_BITS=64 -O3 -DNDEBUG  -I/usr/local/include  conftest.c -lm -lz  -L/usr/local/lib >&5
conftest.c:99: error: expected '=', ',', ';', 'asm' or '__attribute__' before 'me'
configure:6068: $? = 1
configure: failed program was:
| /* confdefs.h */
| #define PACKAGE_NAME "sphinx"
| #define PACKAGE_TARNAME "sphinx"
| #define PACKAGE_VERSION "2.1.3-dev"
| #define PACKAGE_STRING "sphinx 2.1.3-dev"
| #define PACKAGE_BUGREPORT "shodan(at)sphinxsearch.com"
| #define PACKAGE_URL ""
| #define PACKAGE "sphinx"
| #define VERSION "2.1.3-dev"
| #define COMPILER "x86_64-nacl-gcc 4.4.3"
| #define OS_UNAME "Linux home 3.5.0-43-generic #66~precise1-Ubuntu SMP Thu Oct 24 14:52:23 UTC 2013 x86_64 x86_64 x86_64 GNU/Linux"
| #define CONFIGURE_FLAGS " '--host=x86_64-nacl' '--without-mysql' '--without-pgsql' '--without-unixodbc' '--without-iconv' 'host_alias=x86_64-nacl'"
| #define STDC_HEADERS 1
| #define HAVE_SYS_WAIT_H 1
| #define HAVE_SYS_TYPES_H 1
| #define HAVE_SYS_STAT_H 1
| #define HAVE_STDLIB_H 1
| #define HAVE_STRING_H 1
| #define HAVE_MEMORY_H 1
| #define HAVE_STRINGS_H 1
| #define HAVE_INTTYPES_H 1
| #define HAVE_STDINT_H 1
| #define HAVE_UNISTD_H 1
| #define HAVE_FCNTL_H 1
| #define HAVE_LIMITS_H 1
| #define HAVE_NETDB_H 1
| #define HAVE_NETINET_IN_H 1
| #define HAVE_STDLIB_H 1
| #define HAVE_STRING_H 1
| #define HAVE_SYS_FILE_H 1
| #define HAVE_SYS_SOCKET_H 1
| #define HAVE_SYS_TIME_H 1
| #define HAVE_UNISTD_H 1
| #define HAVE_PTHREAD_H 1
| #define HAVE_EXECINFO_H 1
| #define HAVE_SYS_EPOLL_H 1
| #define HAVE__BOOL 1
| #define HAVE_STDBOOL_H 1
| #define TIME_WITH_SYS_TIME 1
| #define HAVE_VFORK 1
| #define HAVE_WORKING_VFORK 1
| #define HAVE_STDLIB_H 1
| #define HAVE_MALLOC 1
| #define HAVE_STDLIB_H 1
| #define HAVE_REALLOC 0
| #define realloc rpl_realloc
| #define HAVE_SYS_SELECT_H 1
| #define HAVE_SYS_SOCKET_H 1
| #define SELECT_TYPE_ARG1 int
| #define SELECT_TYPE_ARG234 (fd_set *)
| #define SELECT_TYPE_ARG5 (struct timeval *)
| #define RETSIGTYPE void
| #define HAVE_STAT_EMPTY_STRING_BUG 1
| #define HAVE_VPRINTF 1
| #define HAVE_DUP2 1
| #define HAVE_GETHOSTBYNAME 1
| #define HAVE_GETTIMEOFDAY 1
| #define HAVE_MEMMOVE 1
| #define HAVE_MEMSET 1
| #define HAVE_SELECT 1
| #define HAVE_SOCKET 1
| #define HAVE_STRCASECMP 1
| #define HAVE_STRCHR 1
| #define HAVE_STRERROR 1
| #define HAVE_STRNCASECMP 1
| #define HAVE_STRNLEN 1
| #define HAVE_STRSTR 1
| #define HAVE_STRTOL 1
| #define HAVE_LOGF 1
| /* end confdefs.h.  */
| /* Define pread to an innocuous variant, in case <limits.h> declares pread.
|    For example, HP-UX 11i <limits.h> declares gettimeofday.  */
| #define pread innocuous_pread
| 
| /* System header to define __stub macros and hopefully few prototypes,
|     which can conflict with char pread (); below.
|     Prefer <limits.h> to <assert.h> if __STDC__ is defined, since
|     <limits.h> exists even on freestanding compilers.  */
| 
| #ifdef __STDC__
| # include <limits.h>
| #else
| # include <assert.h>
| #endif
| 
| #undef pread
| 
| /* Override any GCC internal prototype to avoid an error.
|    Use char because int might match the return type of a GCC
|    builtin and then its argument prototype would still apply.  */
| #ifdef __cplusplus
| extern "C"
| #endif
| char pread ();
| /* The GNU C library defines this for functions which it implements
|     to always fail with ENOSYS.  Some functions are actually named
|     something starting with __ and the normal name is an alias.  */
| #if defined __stub_pread || defined __stub___pread
| choke me
| #endif
| 
| int
| main ()
| {
| return pread ();
|   ;
|   return 0;
| }
configure:6068: result: no
configure:6068: checking for poll
configure:6068: x86_64-nacl-gcc -o conftest -Wall -g -D_FILE_OFFSET_BITS=64 -O3 -DNDEBUG  -I/usr/local/include  conftest.c -lm -lz  -L/usr/local/lib >&5
configure:6068: $? = 0
configure:6068: result: yes
configure:6081: checking for backtrace
configure:6081: x86_64-nacl-gcc -o conftest -Wall -g -D_FILE_OFFSET_BITS=64 -O3 -DNDEBUG  -I/usr/local/include  conftest.c -lm -lz  -L/usr/local/lib >&5
configure:6081: $? = 0
configure:6081: result: yes
configure:6081: checking for backtrace_symbols
configure:6081: x86_64-nacl-gcc -o conftest -Wall -g -D_FILE_OFFSET_BITS=64 -O3 -DNDEBUG  -I/usr/local/include  conftest.c -lm -lz  -L/usr/local/lib >&5
configure:6081: $? = 0
configure:6081: result: yes
configure:6096: checking for epoll_ctl
configure:6096: x86_64-nacl-gcc -o conftest -Wall -g -D_FILE_OFFSET_BITS=64 -O3 -DNDEBUG  -I/usr/local/include  conftest.c -lm -lz  -L/usr/local/lib >&5
configure:6096: $? = 0
configure:6096: result: yes
configure:6123: checking for clock_gettime in -lrt
configure:6148: x86_64-nacl-gcc -o conftest -Wall -g -D_FILE_OFFSET_BITS=64 -O3 -DNDEBUG  -I/usr/local/include  conftest.c -lrt   >&5
configure:6148: $? = 0
configure:6157: result: yes
configure:6176: checking for clock_gettime
configure:6176: x86_64-nacl-gcc -o conftest -Wall -g -D_FILE_OFFSET_BITS=64 -O3 -DNDEBUG  -I/usr/local/include  conftest.c -lm -lz  -L/usr/local/lib -lrt  >&5
configure:6176: $? = 0
configure:6176: result: yes
configure:6187: checking for LOCK_EX in sys/file.h
configure:6212: result: yes
configure:6221: checking for F_SETLKW in fcntl.h
configure:6246: result: yes
configure:6258: checking for dlopen in -ldl
configure:6283: x86_64-nacl-gcc -o conftest -Wall -g -D_FILE_OFFSET_BITS=64 -O3 -DNDEBUG  -I/usr/local/include  conftest.c -ldl  -lm -lz  -L/usr/local/lib -lrt  >&5
/tmp/ccyLxKiq.o: In function `main':
/home/volodymyr/git/work/sphinx-port/conftest.c:91: warning: Using 'dlopen' in statically linked applications requires at runtime the shared libraries from the glibc version used for linking
configure:6283: $? = 0
configure:6292: result: yes
configure:6306: checking for dlopen
configure:6306: x86_64-nacl-gcc -o conftest -Wall -g -D_FILE_OFFSET_BITS=64 -O3 -DNDEBUG  -I/usr/local/include  conftest.c -ldl -lm -lz  -L/usr/local/lib -lrt  >&5
/tmp/cczTYCqC.o: In function `main':
/home/volodymyr/git/work/sphinx-port/conftest.c:115: warning: Using 'dlopen' in statically linked applications requires at runtime the shared libraries from the glibc version used for linking
configure:6306: $? = 0
configure:6306: result: yes
configure:6306: checking for dlerror
configure:6306: x86_64-nacl-gcc -o conftest -Wall -g -D_FILE_OFFSET_BITS=64 -O3 -DNDEBUG  -I/usr/local/include  conftest.c -ldl -lm -lz  -L/usr/local/lib -lrt  >&5
configure:6306: $? = 0
configure:6306: result: yes
configure:6319: result: 
configure:6321: result: configuring Sphinx
configure:6324: result: ------------------
configure:6326: result: 
configure:6360: checking for CFLAGS needed for pthreads
configure:6399: x86_64-nacl-gcc -c -Wall -g -D_FILE_OFFSET_BITS=64 -O3 -DNDEBUG  -I/usr/local/include conftest.c >&5
conftest.c: In function 'main':
conftest.c:96: warning: unused variable 'once_init'
configure:6399: $? = 0
configure:6417: result: none
configure:6428: checking for LIBS needed for pthreads
configure:6466: x86_64-nacl-gcc -o conftest -Wall -g -D_FILE_OFFSET_BITS=64 -O3 -DNDEBUG  -I/usr/local/include  conftest.c -ldl -lm -lz  -L/usr/local/lib -lrt  -lpthread >&5
conftest.c: In function 'main':
conftest.c:96: warning: unused variable 'once_init'
/home/volodymyr/instdir/zerovm-prefix/bin/../x86_64-nacl/lib/libpthread.a(pthread_create.o): warning: warning: pthread_cancel is not implemented and will always fail
/home/volodymyr/instdir/zerovm-prefix/bin/../x86_64-nacl/lib/libpthread.a(init.o): In function `__pthread_initialize_minimal_internal':
/home/volodymyr/git/toolchain/SRC/glibc/nptl/init.c:348: warning: warning: getrlimit is not implemented and will always fail
configure:6466: $? = 0
configure:6485: result: -lpthread
configure:6494: checking for pthreads
configure:6501: result: assumed as found (cross-compiling)
configure:6510: checking for pthread_mutex_timedlock
configure:6510: x86_64-nacl-gcc -o conftest -Wall -g -D_FILE_OFFSET_BITS=64 -O3 -DNDEBUG  -I/usr/local/include  conftest.c -ldl -lm -lz  -L/usr/local/lib -lrt  -lpthread >&5
configure:6510: $? = 0
configure:6510: result: yes
configure:6543: checking whether to compile with MySQL support
configure:7049: result: no
configure:7071: checking for Syslog
configure:7078: result: yes
configure:7109: checking whether to compile with PostgreSQL support
configure:7385: result: no
configure:7407: checking whether to use 64-bit document/word IDs
configure:7425: result: no
configure:7440: checking whether to compile with libstemmer support
configure:7535: result: no
configure:7586: checking whether to compile with re2 library support
configure:7709: result: no
configure:7730: checking for libexpat
configure:7733: checking for library containing XML_Parse
configure:7764: x86_64-nacl-gcc -o conftest -Wall -g -D_FILE_OFFSET_BITS=64 -O3 -DNDEBUG  -I/usr/local/include        conftest.c -ldl -lm -lz  -L/usr/local/lib -lrt  -lpthread >&5
/tmp/cccoZJil.o: In function `main':
/home/volodymyr/git/work/sphinx-port/conftest.c:99: undefined reference to `XML_Parse'
collect2: ld returned 1 exit status
configure:7764: $? = 1
configure: failed program was:
| /* confdefs.h */
| #define PACKAGE_NAME "sphinx"
| #define PACKAGE_TARNAME "sphinx"
| #define PACKAGE_VERSION "2.1.3-dev"
| #define PACKAGE_STRING "sphinx 2.1.3-dev"
| #define PACKAGE_BUGREPORT "shodan(at)sphinxsearch.com"
| #define PACKAGE_URL ""
| #define PACKAGE "sphinx"
| #define VERSION "2.1.3-dev"
| #define COMPILER "x86_64-nacl-gcc 4.4.3"
| #define OS_UNAME "Linux home 3.5.0-43-generic #66~precise1-Ubuntu SMP Thu Oct 24 14:52:23 UTC 2013 x86_64 x86_64 x86_64 GNU/Linux"
| #define CONFIGURE_FLAGS " '--host=x86_64-nacl' '--without-mysql' '--without-pgsql' '--without-unixodbc' '--without-iconv' 'host_alias=x86_64-nacl'"
| #define STDC_HEADERS 1
| #define HAVE_SYS_WAIT_H 1
| #define HAVE_SYS_TYPES_H 1
| #define HAVE_SYS_STAT_H 1
| #define HAVE_STDLIB_H 1
| #define HAVE_STRING_H 1
| #define HAVE_MEMORY_H 1
| #define HAVE_STRINGS_H 1
| #define HAVE_INTTYPES_H 1
| #define HAVE_STDINT_H 1
| #define HAVE_UNISTD_H 1
| #define HAVE_FCNTL_H 1
| #define HAVE_LIMITS_H 1
| #define HAVE_NETDB_H 1
| #define HAVE_NETINET_IN_H 1
| #define HAVE_STDLIB_H 1
| #define HAVE_STRING_H 1
| #define HAVE_SYS_FILE_H 1
| #define HAVE_SYS_SOCKET_H 1
| #define HAVE_SYS_TIME_H 1
| #define HAVE_UNISTD_H 1
| #define HAVE_PTHREAD_H 1
| #define HAVE_EXECINFO_H 1
| #define HAVE_SYS_EPOLL_H 1
| #define HAVE__BOOL 1
| #define HAVE_STDBOOL_H 1
| #define TIME_WITH_SYS_TIME 1
| #define HAVE_VFORK 1
| #define HAVE_WORKING_VFORK 1
| #define HAVE_STDLIB_H 1
| #define HAVE_MALLOC 1
| #define HAVE_STDLIB_H 1
| #define HAVE_REALLOC 0
| #define realloc rpl_realloc
| #define HAVE_SYS_SELECT_H 1
| #define HAVE_SYS_SOCKET_H 1
| #define SELECT_TYPE_ARG1 int
| #define SELECT_TYPE_ARG234 (fd_set *)
| #define SELECT_TYPE_ARG5 (struct timeval *)
| #define RETSIGTYPE void
| #define HAVE_STAT_EMPTY_STRING_BUG 1
| #define HAVE_VPRINTF 1
| #define HAVE_DUP2 1
| #define HAVE_GETHOSTBYNAME 1
| #define HAVE_GETTIMEOFDAY 1
| #define HAVE_MEMMOVE 1
| #define HAVE_MEMSET 1
| #define HAVE_SELECT 1
| #define HAVE_SOCKET 1
| #define HAVE_STRCASECMP 1
| #define HAVE_STRCHR 1
| #define HAVE_STRERROR 1
| #define HAVE_STRNCASECMP 1
| #define HAVE_STRNLEN 1
| #define HAVE_STRSTR 1
| #define HAVE_STRTOL 1
| #define HAVE_LOGF 1
| #define HAVE_POLL 1
| #define HAVE_BACKTRACE 1
| #define HAVE_BACKTRACE_SYMBOLS 1
| #define HAVE_EPOLL_CTL 1
| #define HAVE_EPOLL 1
| #define HAVE_LIBRT 1
| #define HAVE_CLOCK_GETTIME 1
| #define HAVE_LOCK_EX 1
| #define HAVE_F_SETLKW 1
| #define HAVE_LIBDL 1
| #define HAVE_DLOPEN 1
| #define HAVE_DLERROR 1
| #define HAVE_PTHREAD_MUTEX_TIMEDLOCK 1
| #define USE_SYSLOG 1
| #define USE_64BIT 0
| #define USE_LIBSTEMMER 0
| #define USE_RE2 0
| /* end confdefs.h.  */
| 
| /* Override any GCC internal prototype to avoid an error.
|    Use char because int might match the return type of a GCC
|    builtin and then its argument prototype would still apply.  */
| #ifdef __cplusplus
| extern "C"
| #endif
| char XML_Parse ();
| int
| main ()
| {
| return XML_Parse ();
|   ;
|   return 0;
| }
configure:7764: x86_64-nacl-gcc -o conftest -Wall -g -D_FILE_OFFSET_BITS=64 -O3 -DNDEBUG  -I/usr/local/include        conftest.c -lexpat  -ldl -lm -lz  -L/usr/local/lib -lrt  -lpthread >&5
configure:7764: $? = 0
configure:7781: result: -lexpat
configure:7793: result: found
configure:7816: checking for libiconv
configure:7946: result: disabled
configure:7949: WARNING: xmlpipe2 will only support default encodings (latin-1, utf-8)
configure:7972: checking for UnixODBC
configure:8048: result: disabled
configure:8053: checking whether to enable c++ memory routines override
configure:8062: result: yes
configure:8083: checking for Syslog
configure:8090: result: yes
configure:8102: checking for unaligned RAM access
configure:8115: result: unknown (cross-compiling), assume no
configure:8160: result: no
configure:8173: checking whether byte ordering is bigendian
configure:8188: x86_64-nacl-g++ -c -Wall -g -D_FILE_OFFSET_BITS=64 -O3 -DNDEBUG  -I/usr/local/include       conftest.cpp >&5
conftest.cpp:93: error: expected unqualified-id before '!' token
configure:8188: $? = 1
configure: failed program was:
| /* confdefs.h */
| #define PACKAGE_NAME "sphinx"
| #define PACKAGE_TARNAME "sphinx"
| #define PACKAGE_VERSION "2.1.3-dev"
| #define PACKAGE_STRING "sphinx 2.1.3-dev"
| #define PACKAGE_BUGREPORT "shodan(at)sphinxsearch.com"
| #define PACKAGE_URL ""
| #define PACKAGE "sphinx"
| #define VERSION "2.1.3-dev"
| #define COMPILER "x86_64-nacl-gcc 4.4.3"
| #define OS_UNAME "Linux home 3.5.0-43-generic #66~precise1-Ubuntu SMP Thu Oct 24 14:52:23 UTC 2013 x86_64 x86_64 x86_64 GNU/Linux"
| #define CONFIGURE_FLAGS " '--host=x86_64-nacl' '--without-mysql' '--without-pgsql' '--without-unixodbc' '--without-iconv' 'host_alias=x86_64-nacl'"
| #define STDC_HEADERS 1
| #define HAVE_SYS_WAIT_H 1
| #define HAVE_SYS_TYPES_H 1
| #define HAVE_SYS_STAT_H 1
| #define HAVE_STDLIB_H 1
| #define HAVE_STRING_H 1
| #define HAVE_MEMORY_H 1
| #define HAVE_STRINGS_H 1
| #define HAVE_INTTYPES_H 1
| #define HAVE_STDINT_H 1
| #define HAVE_UNISTD_H 1
| #define HAVE_FCNTL_H 1
| #define HAVE_LIMITS_H 1
| #define HAVE_NETDB_H 1
| #define HAVE_NETINET_IN_H 1
| #define HAVE_STDLIB_H 1
| #define HAVE_STRING_H 1
| #define HAVE_SYS_FILE_H 1
| #define HAVE_SYS_SOCKET_H 1
| #define HAVE_SYS_TIME_H 1
| #define HAVE_UNISTD_H 1
| #define HAVE_PTHREAD_H 1
| #define HAVE_EXECINFO_H 1
| #define HAVE_SYS_EPOLL_H 1
| #define HAVE__BOOL 1
| #define HAVE_STDBOOL_H 1
| #define TIME_WITH_SYS_TIME 1
| #define HAVE_VFORK 1
| #define HAVE_WORKING_VFORK 1
| #define HAVE_STDLIB_H 1
| #define HAVE_MALLOC 1
| #define HAVE_STDLIB_H 1
| #define HAVE_REALLOC 0
| #define realloc rpl_realloc
| #define HAVE_SYS_SELECT_H 1
| #define HAVE_SYS_SOCKET_H 1
| #define SELECT_TYPE_ARG1 int
| #define SELECT_TYPE_ARG234 (fd_set *)
| #define SELECT_TYPE_ARG5 (struct timeval *)
| #define RETSIGTYPE void
| #define HAVE_STAT_EMPTY_STRING_BUG 1
| #define HAVE_VPRINTF 1
| #define HAVE_DUP2 1
| #define HAVE_GETHOSTBYNAME 1
| #define HAVE_GETTIMEOFDAY 1
| #define HAVE_MEMMOVE 1
| #define HAVE_MEMSET 1
| #define HAVE_SELECT 1
| #define HAVE_SOCKET 1
| #define HAVE_STRCASECMP 1
| #define HAVE_STRCHR 1
| #define HAVE_STRERROR 1
| #define HAVE_STRNCASECMP 1
| #define HAVE_STRNLEN 1
| #define HAVE_STRSTR 1
| #define HAVE_STRTOL 1
| #define HAVE_LOGF 1
| #define HAVE_POLL 1
| #define HAVE_BACKTRACE 1
| #define HAVE_BACKTRACE_SYMBOLS 1
| #define HAVE_EPOLL_CTL 1
| #define HAVE_EPOLL 1
| #define HAVE_LIBRT 1
| #define HAVE_CLOCK_GETTIME 1
| #define HAVE_LOCK_EX 1
| #define HAVE_F_SETLKW 1
| #define HAVE_LIBDL 1
| #define HAVE_DLOPEN 1
| #define HAVE_DLERROR 1
| #define HAVE_PTHREAD_MUTEX_TIMEDLOCK 1
| #define USE_SYSLOG 1
| #define USE_64BIT 0
| #define USE_LIBSTEMMER 0
| #define USE_RE2 0
| #define USE_LIBEXPAT 1
| #define USE_ZLIB 1
| #define USE_SYSLOG 1
| #define UNALIGNED_RAM_ACCESS 0
| /* end confdefs.h.  */
| #ifndef __APPLE_CC__
| 	       not a universal capable compiler
| 	     #endif
| 	     typedef int dummy;
| 
configure:8233: x86_64-nacl-g++ -c -Wall -g -D_FILE_OFFSET_BITS=64 -O3 -DNDEBUG  -I/usr/local/include       conftest.cpp >&5
configure:8233: $? = 0
configure:8251: x86_64-nacl-g++ -c -Wall -g -D_FILE_OFFSET_BITS=64 -O3 -DNDEBUG  -I/usr/local/include       conftest.cpp >&5
conftest.cpp: In function 'int main()':
conftest.cpp:99: error: 'big' was not declared in this scope
conftest.cpp:99: error: expected ';' before 'endian'
configure:8251: $? = 1
configure: failed program was:
| /* confdefs.h */
| #define PACKAGE_NAME "sphinx"
| #define PACKAGE_TARNAME "sphinx"
| #define PACKAGE_VERSION "2.1.3-dev"
| #define PACKAGE_STRING "sphinx 2.1.3-dev"
| #define PACKAGE_BUGREPORT "shodan(at)sphinxsearch.com"
| #define PACKAGE_URL ""
| #define PACKAGE "sphinx"
| #define VERSION "2.1.3-dev"
| #define COMPILER "x86_64-nacl-gcc 4.4.3"
| #define OS_UNAME "Linux home 3.5.0-43-generic #66~precise1-Ubuntu SMP Thu Oct 24 14:52:23 UTC 2013 x86_64 x86_64 x86_64 GNU/Linux"
| #define CONFIGURE_FLAGS " '--host=x86_64-nacl' '--without-mysql' '--without-pgsql' '--without-unixodbc' '--without-iconv' 'host_alias=x86_64-nacl'"
| #define STDC_HEADERS 1
| #define HAVE_SYS_WAIT_H 1
| #define HAVE_SYS_TYPES_H 1
| #define HAVE_SYS_STAT_H 1
| #define HAVE_STDLIB_H 1
| #define HAVE_STRING_H 1
| #define HAVE_MEMORY_H 1
| #define HAVE_STRINGS_H 1
| #define HAVE_INTTYPES_H 1
| #define HAVE_STDINT_H 1
| #define HAVE_UNISTD_H 1
| #define HAVE_FCNTL_H 1
| #define HAVE_LIMITS_H 1
| #define HAVE_NETDB_H 1
| #define HAVE_NETINET_IN_H 1
| #define HAVE_STDLIB_H 1
| #define HAVE_STRING_H 1
| #define HAVE_SYS_FILE_H 1
| #define HAVE_SYS_SOCKET_H 1
| #define HAVE_SYS_TIME_H 1
| #define HAVE_UNISTD_H 1
| #define HAVE_PTHREAD_H 1
| #define HAVE_EXECINFO_H 1
| #define HAVE_SYS_EPOLL_H 1
| #define HAVE__BOOL 1
| #define HAVE_STDBOOL_H 1
| #define TIME_WITH_SYS_TIME 1
| #define HAVE_VFORK 1
| #define HAVE_WORKING_VFORK 1
| #define HAVE_STDLIB_H 1
| #define HAVE_MALLOC 1
| #define HAVE_STDLIB_H 1
| #define HAVE_REALLOC 0
| #define realloc rpl_realloc
| #define HAVE_SYS_SELECT_H 1
| #define HAVE_SYS_SOCKET_H 1
| #define SELECT_TYPE_ARG1 int
| #define SELECT_TYPE_ARG234 (fd_set *)
| #define SELECT_TYPE_ARG5 (struct timeval *)
| #define RETSIGTYPE void
| #define HAVE_STAT_EMPTY_STRING_BUG 1
| #define HAVE_VPRINTF 1
| #define HAVE_DUP2 1
| #define HAVE_GETHOSTBYNAME 1
| #define HAVE_GETTIMEOFDAY 1
| #define HAVE_MEMMOVE 1
| #define HAVE_MEMSET 1
| #define HAVE_SELECT 1
| #define HAVE_SOCKET 1
| #define HAVE_STRCASECMP 1
| #define HAVE_STRCHR 1
| #define HAVE_STRERROR 1
| #define HAVE_STRNCASECMP 1
| #define HAVE_STRNLEN 1
| #define HAVE_STRSTR 1
| #define HAVE_STRTOL 1
| #define HAVE_LOGF 1
| #define HAVE_POLL 1
| #define HAVE_BACKTRACE 1
| #define HAVE_BACKTRACE_SYMBOLS 1
| #define HAVE_EPOLL_CTL 1
| #define HAVE_EPOLL 1
| #define HAVE_LIBRT 1
| #define HAVE_CLOCK_GETTIME 1
| #define HAVE_LOCK_EX 1
| #define HAVE_F_SETLKW 1
| #define HAVE_LIBDL 1
| #define HAVE_DLOPEN 1
| #define HAVE_DLERROR 1
| #define HAVE_PTHREAD_MUTEX_TIMEDLOCK 1
| #define USE_SYSLOG 1
| #define USE_64BIT 0
| #define USE_LIBSTEMMER 0
| #define USE_RE2 0
| #define USE_LIBEXPAT 1
| #define USE_ZLIB 1
| #define USE_SYSLOG 1
| #define UNALIGNED_RAM_ACCESS 0
| /* end confdefs.h.  */
| #include <sys/types.h>
| 		#include <sys/param.h>
| 
| int
| main ()
| {
| #if BYTE_ORDER != BIG_ENDIAN
| 		 not big endian
| 		#endif
| 
|   ;
|   return 0;
| }
configure:8379: result: no
configure:8401: result: 
configure:8403: result: generating configuration files
configure:8406: result: ------------------------------
configure:8408: result: 
configure:8570: creating ./config.status

## ---------------------- ##
## Running config.status. ##
## ---------------------- ##

This file was extended by sphinx config.status 2.1.3-dev, which was
generated by GNU Autoconf 2.65.  Invocation command line was

  CONFIG_FILES    = 
  CONFIG_HEADERS  = 
  CONFIG_LINKS    = 
  CONFIG_COMMANDS = 
  $ ./config.status 

on home

config.status:959: creating Makefile
config.status:959: creating src/Makefile
config.status:959: creating libstemmer_c/Makefile
config.status:959: creating doc/Makefile
config.status:959: creating sphinx.conf.dist
config.status:959: creating sphinx-min.conf.dist
config.status:959: creating config/config.h
config.status:1131: config/config.h is unchanged
config.status:1179: executing depfiles commands
configure:9890: result: 
configure:9892: result: configuration done
configure:9895: result: ------------------
configure:9897: result: 

## ---------------- ##
## Cache variables. ##
## ---------------- ##

ac_cv_c_bigendian=no
ac_cv_c_compiler_gnu=yes
ac_cv_c_const=yes
ac_cv_c_inline=inline
ac_cv_cxx_compiler_gnu=yes
ac_cv_define_F_SETLKW=yes
ac_cv_define_LOCK_EX=yes
ac_cv_env_CCC_set=
ac_cv_env_CCC_value=
ac_cv_env_CC_set=
ac_cv_env_CC_value=
ac_cv_env_CFLAGS_set=
ac_cv_env_CFLAGS_value=
ac_cv_env_CPPFLAGS_set=
ac_cv_env_CPPFLAGS_value=
ac_cv_env_CPP_set=
ac_cv_env_CPP_value=
ac_cv_env_CXXFLAGS_set=
ac_cv_env_CXXFLAGS_value=
ac_cv_env_CXX_set=
ac_cv_env_CXX_value=
ac_cv_env_LDFLAGS_set=
ac_cv_env_LDFLAGS_value=
ac_cv_env_LIBS_set=
ac_cv_env_LIBS_value=
ac_cv_env_build_alias_set=
ac_cv_env_build_alias_value=
ac_cv_env_host_alias_set=set
ac_cv_env_host_alias_value=x86_64-nacl
ac_cv_env_target_alias_set=
ac_cv_env_target_alias_value=
ac_cv_func__doprnt=no
ac_cv_func_backtrace=yes
ac_cv_func_backtrace_symbols=yes
ac_cv_func_clock_gettime=yes
ac_cv_func_dlerror=yes
ac_cv_func_dlopen=yes
ac_cv_func_dup2=yes
ac_cv_func_epoll=yes
ac_cv_func_epoll_ctl=yes
ac_cv_func_fork=no
ac_cv_func_fork_works=no
ac_cv_func_gethostbyname=yes
ac_cv_func_gettimeofday=yes
ac_cv_func_logf=yes
ac_cv_func_lstat_dereferences_slashed_symlink=no
ac_cv_func_malloc_0_nonnull=yes
ac_cv_func_memmove=yes
ac_cv_func_memset=yes
ac_cv_func_poll=yes
ac_cv_func_pread=no
ac_cv_func_pthread_mutex_timedlock=yes
ac_cv_func_realloc_0_nonnull=no
ac_cv_func_select=yes
ac_cv_func_select_args='int,fd_set *,struct timeval *'
ac_cv_func_socket=yes
ac_cv_func_stat_empty_string_bug=yes
ac_cv_func_strcasecmp=yes
ac_cv_func_strchr=yes
ac_cv_func_strerror=yes
ac_cv_func_strncasecmp=yes
ac_cv_func_strnlen=yes
ac_cv_func_strstr=yes
ac_cv_func_strtol=yes
ac_cv_func_vfork=yes
ac_cv_func_vfork_works=yes
ac_cv_func_vprintf=yes
ac_cv_header_execinfo_h=yes
ac_cv_header_expat_h=yes
ac_cv_header_fcntl_h=yes
ac_cv_header_iconv_h=yes
ac_cv_header_inttypes_h=yes
ac_cv_header_limits_h=yes
ac_cv_header_memory_h=yes
ac_cv_header_netdb_h=yes
ac_cv_header_netinet_in_h=yes
ac_cv_header_pthread_h=yes
ac_cv_header_sql_h=no
ac_cv_header_stdbool_h=yes
ac_cv_header_stdc=yes
ac_cv_header_stdint_h=yes
ac_cv_header_stdlib_h=yes
ac_cv_header_string_h=yes
ac_cv_header_strings_h=yes
ac_cv_header_sys_epoll_h=yes
ac_cv_header_sys_file_h=yes
ac_cv_header_sys_select_h=yes
ac_cv_header_sys_socket_h=yes
ac_cv_header_sys_stat_h=yes
ac_cv_header_sys_time_h=yes
ac_cv_header_sys_types_h=yes
ac_cv_header_sys_wait_h=yes
ac_cv_header_syslog_h=yes
ac_cv_header_time=yes
ac_cv_header_unistd_h=yes
ac_cv_header_vfork_h=no
ac_cv_header_zlib_h=yes
ac_cv_lib_dl_dlopen=yes
ac_cv_lib_rt_clock_gettime=yes
ac_cv_objext=o
ac_cv_path_EGREP='/bin/grep -E'
ac_cv_path_GREP=/bin/grep
ac_cv_path_install='/usr/bin/install -c'
ac_cv_path_mkdir=/bin/mkdir
ac_cv_prog_AWK=mawk
ac_cv_prog_CC=x86_64-nacl-gcc
ac_cv_prog_CPP='x86_64-nacl-gcc -E'
ac_cv_prog_CXX=x86_64-nacl-g++
ac_cv_prog_RANLIB=x86_64-nacl-ranlib
ac_cv_prog_STRIP=x86_64-nacl-strip
ac_cv_prog_cc_c89=
ac_cv_prog_cc_g=yes
ac_cv_prog_cxx_g=yes
ac_cv_prog_make_make_set=yes
ac_cv_re2_includes=no
ac_cv_re2_libs=no
ac_cv_search_XML_Parse=-lexpat
ac_cv_search_gethostbyname='none required'
ac_cv_search_inflate=-lz
ac_cv_search_logf=-lm
ac_cv_search_setsockopt='none required'
ac_cv_type__Bool=yes
ac_cv_type_off_t=yes
ac_cv_type_pid_t=yes
ac_cv_type_signal=void
ac_cv_type_size_t=yes
ac_cv_use_debug=no
ac_cv_use_expat=yes
ac_cv_use_iconv=no
ac_cv_use_libstemmer=no
ac_cv_use_mysql=no
ac_cv_use_pgsql=no
ac_cv_use_re2=no
ac_cv_use_static_mysql=no
ac_cv_use_static_pgsql=no
ac_cv_use_syslog=yes
ac_cv_use_unixodbc=no
am_cv_CC_dependencies_compiler_type=gcc3
am_cv_CXX_dependencies_compiler_type=gcc3
sphinx_cv_pthreads_cflags=none
sphinx_cv_pthreads_libs=-lpthread
sphinx_cv_unaligned_ram_access=no

## ----------------- ##
## Output variables. ##
## ----------------- ##

ACLOCAL='${SHELL} /home/volodymyr/git/work/sphinx-port/config/missing --run aclocal-1.11'
AMDEPBACKSLASH='\'
AMDEP_FALSE='#'
AMDEP_TRUE=''
AMTAR='${SHELL} /home/volodymyr/git/work/sphinx-port/config/missing --run tar'
AUTOCONF='${SHELL} /home/volodymyr/git/work/sphinx-port/config/missing --run autoconf'
AUTOHEADER='${SHELL} /home/volodymyr/git/work/sphinx-port/config/missing --run autoheader'
AUTOMAKE='${SHELL} /home/volodymyr/git/work/sphinx-port/config/missing --run automake-1.11'
AWK='mawk'
CC='x86_64-nacl-gcc'
CCDEPMODE='depmode=gcc3'
CFLAGS='-Wall -g -D_FILE_OFFSET_BITS=64 -O3 -DNDEBUG'
CONFDIR='/var'
CPP='x86_64-nacl-gcc -E'
CPPFLAGS=' -I/usr/local/include      '
CXX='x86_64-nacl-g++'
CXXDEPMODE='depmode=gcc3'
CXXFLAGS='-Wall -g -D_FILE_OFFSET_BITS=64 -O3 -DNDEBUG'
CYGPATH_W='echo'
DEFS='-DHAVE_CONFIG_H'
DEPDIR='.deps'
ECHO_C=''
ECHO_N='-n'
ECHO_T=''
EGREP='/bin/grep -E'
EXEEXT=''
GREP='/bin/grep'
INSTALL_DATA='${INSTALL} -m 644'
INSTALL_PROGRAM='${INSTALL}'
INSTALL_SCRIPT='${INSTALL}'
INSTALL_STRIP_PROGRAM='$(install_sh) -c -s'
LDFLAGS=''
LIBOBJS=' ${LIBOBJDIR}realloc$U.o ${LIBOBJDIR}lstat$U.o ${LIBOBJDIR}stat$U.o ${LIBOBJDIR}epoll$U.o'
LIBRE2_CFLAGS=''
LIBRE2_LIBS=''
LIBRE2_PATH=''
LIBRT='-lrt '
LIBS='-lexpat -ldl -lm -lz  -L/usr/local/lib -lrt  -lpthread'
LIBSTEMMER_CFLAGS=''
LIBSTEMMER_LIBS=''
LTLIBOBJS=' ${LIBOBJDIR}realloc$U.lo ${LIBOBJDIR}lstat$U.lo ${LIBOBJDIR}stat$U.lo ${LIBOBJDIR}epoll$U.lo'
MAINT='#'
MAINTAINER_MODE_FALSE=''
MAINTAINER_MODE_TRUE='#'
MAKEINFO='${SHELL} /home/volodymyr/git/work/sphinx-port/config/missing --run makeinfo'
MKDIR_P='/bin/mkdir -p'
MYSQL_CFLAGS=''
MYSQL_LIBS=''
OBJEXT='o'
PACKAGE='sphinx'
PACKAGE_BUGREPORT='shodan(at)sphinxsearch.com'
PACKAGE_NAME='sphinx'
PACKAGE_STRING='sphinx 2.1.3-dev'
PACKAGE_TARNAME='sphinx'
PACKAGE_URL=''
PACKAGE_VERSION='2.1.3-dev'
PATH_SEPARATOR=':'
PGSQL_CFLAGS=''
PGSQL_LIBS=''
RANLIB='x86_64-nacl-ranlib'
SET_MAKE=''
SHELL='/bin/bash'
STRIP='x86_64-nacl-strip'
USE_INTERNAL_LIBSTEMMER_FALSE='#'
USE_INTERNAL_LIBSTEMMER_TRUE=''
USE_LIBSTEMMER_FALSE=''
USE_LIBSTEMMER_TRUE='#'
USE_MYSQL_FALSE=''
USE_MYSQL_TRUE='#'
USE_PGSQL_FALSE='#'
USE_PGSQL_TRUE=''
USE_RE2_FALSE=''
USE_RE2_TRUE='#'
VERSION='2.1.3-dev'
ac_ct_CC=''
ac_ct_CXX=''
am__EXEEXT_FALSE=''
am__EXEEXT_TRUE='#'
am__fastdepCC_FALSE='#'
am__fastdepCC_TRUE=''
am__fastdepCXX_FALSE='#'
am__fastdepCXX_TRUE=''
am__include='include'
am__isrc=''
am__leading_dot='.'
am__quote=''
am__tar='${AMTAR} chof - "$$tardir"'
am__untar='${AMTAR} xf -'
bindir='${exec_prefix}/bin'
build_alias=''
datadir='${datarootdir}'
datarootdir='${prefix}/share'
docdir='${datarootdir}/doc/${PACKAGE_TARNAME}'
dvidir='${docdir}'
exec_prefix='${prefix}'
host_alias='x86_64-nacl'
htmldir='${docdir}'
includedir='${prefix}/include'
infodir='${datarootdir}/info'
install_sh='${SHELL} /home/volodymyr/git/work/sphinx-port/config/install-sh'
libdir='${exec_prefix}/lib'
libexecdir='${exec_prefix}/libexec'
localedir='${datarootdir}/locale'
localstatedir='${prefix}/var'
mandir='${datarootdir}/man'
mkdir_p='/bin/mkdir -p'
oldincludedir='/usr/include'
pdfdir='${docdir}'
pgconfig=''
prefix='/usr/local'
program_transform_name='s,x,x,'
psdir='${docdir}'
sbindir='${exec_prefix}/sbin'
sharedstatedir='${prefix}/com'
sysconfdir='${prefix}/etc'
target_alias=''

## ----------- ##
## confdefs.h. ##
## ----------- ##

/* confdefs.h */
#define PACKAGE_NAME "sphinx"
#define PACKAGE_TARNAME "sphinx"
#define PACKAGE_VERSION "2.1.3-dev"
#define PACKAGE_STRING "sphinx 2.1.3-dev"
#define PACKAGE_BUGREPORT "shodan(at)sphinxsearch.com"
#define PACKAGE_URL ""
#define PACKAGE "sphinx"
#define VERSION "2.1.3-dev"
#define COMPILER "x86_64-nacl-gcc 4.4.3"
#define OS_UNAME "Linux home 3.5.0-43-generic #66~precise1-Ubuntu SMP Thu Oct 24 14:52:23 UTC 2013 x86_64 x86_64 x86_64 GNU/Linux"
#define CONFIGURE_FLAGS " '--host=x86_64-nacl' '--without-mysql' '--without-pgsql' '--without-unixodbc' '--without-iconv' 'host_alias=x86_64-nacl'"
#define STDC_HEADERS 1
#define HAVE_SYS_WAIT_H 1
#define HAVE_SYS_TYPES_H 1
#define HAVE_SYS_STAT_H 1
#define HAVE_STDLIB_H 1
#define HAVE_STRING_H 1
#define HAVE_MEMORY_H 1
#define HAVE_STRINGS_H 1
#define HAVE_INTTYPES_H 1
#define HAVE_STDINT_H 1
#define HAVE_UNISTD_H 1
#define HAVE_FCNTL_H 1
#define HAVE_LIMITS_H 1
#define HAVE_NETDB_H 1
#define HAVE_NETINET_IN_H 1
#define HAVE_STDLIB_H 1
#define HAVE_STRING_H 1
#define HAVE_SYS_FILE_H 1
#define HAVE_SYS_SOCKET_H 1
#define HAVE_SYS_TIME_H 1
#define HAVE_UNISTD_H 1
#define HAVE_PTHREAD_H 1
#define HAVE_EXECINFO_H 1
#define HAVE_SYS_EPOLL_H 1
#define HAVE__BOOL 1
#define HAVE_STDBOOL_H 1
#define TIME_WITH_SYS_TIME 1
#define HAVE_VFORK 1
#define HAVE_WORKING_VFORK 1
#define HAVE_STDLIB_H 1
#define HAVE_MALLOC 1
#define HAVE_STDLIB_H 1
#define HAVE_REALLOC 0
#define realloc rpl_realloc
#define HAVE_SYS_SELECT_H 1
#define HAVE_SYS_SOCKET_H 1
#define SELECT_TYPE_ARG1 int
#define SELECT_TYPE_ARG234 (fd_set *)
#define SELECT_TYPE_ARG5 (struct timeval *)
#define RETSIGTYPE void
#define HAVE_STAT_EMPTY_STRING_BUG 1
#define HAVE_VPRINTF 1
#define HAVE_DUP2 1
#define HAVE_GETHOSTBYNAME 1
#define HAVE_GETTIMEOFDAY 1
#define HAVE_MEMMOVE 1
#define HAVE_MEMSET 1
#define HAVE_SELECT 1
#define HAVE_SOCKET 1
#define HAVE_STRCASECMP 1
#define HAVE_STRCHR 1
#define HAVE_STRERROR 1
#define HAVE_STRNCASECMP 1
#define HAVE_STRNLEN 1
#define HAVE_STRSTR 1
#define HAVE_STRTOL 1
#define HAVE_LOGF 1
#define HAVE_POLL 1
#define HAVE_BACKTRACE 1
#define HAVE_BACKTRACE_SYMBOLS 1
#define HAVE_EPOLL_CTL 1
#define HAVE_EPOLL 1
#define HAVE_LIBRT 1
#define HAVE_CLOCK_GETTIME 1
#define HAVE_LOCK_EX 1
#define HAVE_F_SETLKW 1
#define HAVE_LIBDL 1
#define HAVE_DLOPEN 1
#define HAVE_DLERROR 1
#define HAVE_PTHREAD_MUTEX_TIMEDLOCK 1
#define USE_SYSLOG 1
#define USE_64BIT 0
#define USE_LIBSTEMMER 0
#define USE_RE2 0
#define USE_LIBEXPAT 1
#define USE_ZLIB 1
#define USE_SYSLOG 1
#define UNALIGNED_RAM_ACCESS 0
#define USE_LITTLE_ENDIAN 1

configure: exit 0
