This file contains any messages produced by compilers while
running configure, to aid debugging if configure makes a mistake.

It was created by configure, which was
generated by GNU Autoconf 2.57.  Invocation command line was

  $ ./configure --host=x86_64-nacl --cache-file=../.././config.cache --srcdir=.

## --------- ##
## Platform. ##
## --------- ##

hostname = home
uname -m = x86_64
uname -r = 3.5.0-43-generic
uname -s = Linux
uname -v = #66~precise1-Ubuntu SMP Thu Oct 24 14:52:23 UTC 2013

/usr/bin/uname -p = unknown
/bin/uname -X     = unknown

/bin/arch              = unknown
/usr/bin/arch -k       = unknown
/usr/convex/getsysinfo = unknown
hostinfo               = unknown
/bin/machine           = unknown
/usr/bin/oslevel       = unknown
/bin/universe          = unknown

PATH: /usr/lib/lightdm/lightdm
PATH: /usr/local/sbin
PATH: /usr/local/bin
PATH: /usr/sbin
PATH: /usr/bin
PATH: /sbin
PATH: /bin
PATH: /usr/games
PATH: /home/volodymyr/instdir/zerovm-prefix/bin
PATH: /home/volodymyr/sphinx/bin


## ----------- ##
## Core tests. ##
## ----------- ##

configure:1338: loading cache ../.././config.cache
configure:1455: checking for x86_64-nacl-gcc
configure:1481: result: gcc
configure:1763: checking for C compiler version
configure:1766: gcc --version </dev/null >&5
gcc (Ubuntu/Linaro 4.6.3-1ubuntu5) 4.6.3
Copyright (C) 2011 Free Software Foundation, Inc.
This is free software; see the source for copying conditions.  There is NO
warranty; not even for MERCHANTABILITY or FITNESS FOR A PARTICULAR PURPOSE.

configure:1769: $? = 0
configure:1771: gcc -v </dev/null >&5
Using built-in specs.
COLLECT_GCC=gcc
COLLECT_LTO_WRAPPER=/usr/lib/gcc/x86_64-linux-gnu/4.6/lto-wrapper
Target: x86_64-linux-gnu
Configured with: ../src/configure -v --with-pkgversion='Ubuntu/Linaro 4.6.3-1ubuntu5' --with-bugurl=file:///usr/share/doc/gcc-4.6/README.Bugs --enable-languages=c,c++,fortran,objc,obj-c++ --prefix=/usr --program-suffix=-4.6 --enable-shared --enable-linker-build-id --with-system-zlib --libexecdir=/usr/lib --without-included-gettext --enable-threads=posix --with-gxx-include-dir=/usr/include/c++/4.6 --libdir=/usr/lib --enable-nls --with-sysroot=/ --enable-clocale=gnu --enable-libstdcxx-debug --enable-libstdcxx-time=yes --enable-gnu-unique-object --enable-plugin --enable-objc-gc --disable-werror --with-arch-32=i686 --with-tune=generic --enable-checking=release --build=x86_64-linux-gnu --host=x86_64-linux-gnu --target=x86_64-linux-gnu
Thread model: posix
gcc version 4.6.3 (Ubuntu/Linaro 4.6.3-1ubuntu5) 
configure:1774: $? = 0
configure:1776: gcc -V </dev/null >&5
gcc: error: unrecognized option '-V'
gcc: fatal error: no input files
compilation terminated.
configure:1779: $? = 4
configure:1803: checking for C compiler default output
configure:1806: gcc -g -O2   conftest.c  >&5
configure:1809: $? = 0
configure:1855: result: a.out
configure:1860: checking whether the C compiler works
configure:1866: ./a.out
configure:1869: $? = 0
configure:1886: result: yes
configure:1893: checking whether we are cross compiling
configure:1895: result: no
configure:1898: checking for suffix of executables
configure:1900: gcc -o conftest -g -O2   conftest.c  >&5
configure:1903: $? = 0
configure:1928: result: 
configure:1934: checking for suffix of object files
configure:1956: gcc -c -g -O2  conftest.c >&5
configure:1959: $? = 0
configure:1981: result: o
configure:1985: checking whether we are using the GNU C compiler
configure:2010: gcc -c -g -O2  conftest.c >&5
configure:2013: $? = 0
configure:2016: test -s conftest.o
configure:2019: $? = 0
configure:2032: result: yes
configure:2038: checking whether gcc accepts -g
configure:2080: result: yes
configure:2097: checking for gcc option to accept ANSI C
configure:2158: gcc  -c -g -O2  conftest.c >&5
configure:2161: $? = 0
configure:2164: test -s conftest.o
configure:2167: $? = 0
configure:2185: result: none needed
configure:2203: gcc -c -g -O2  conftest.c >&5
conftest.c:2:3: error: unknown type name 'choke'
conftest.c:2:3: error: expected '=', ',', ';', 'asm' or '__attribute__' at end of input
configure:2206: $? = 1
configure: failed program was:
| #ifndef __cplusplus
|   choke me
| #endif
configure:2352: checking for a BSD-compatible install
configure:2406: result: /usr/bin/install -c
configure:2490: checking build system type
configure:2508: result: x86_64-unknown-linux-gnu
configure:2516: checking host system type
configure:2530: result: x86_64-pc-nacl
configure:2549: checking for ld used by GCC
configure:2612: result: /usr/bin/ld
configure:2621: checking if the linker (/usr/bin/ld) is GNU ld
GNU ld (GNU Binutils for Ubuntu) 2.22
configure:2633: result: yes
configure:2638: checking for /usr/bin/ld option to reload object files
configure:2645: result: -r
configure:2650: checking for BSD-compatible nm
configure:2686: result: /home/volodymyr/instdir/zerovm-prefix/bin/x86_64-nacl-nm -B
configure:2689: checking whether ln -s works
configure:2693: result: yes
configure:2700: checking how to recognise dependant libraries
configure:2868: result: unknown
configure:2881: checking command to parse /home/volodymyr/instdir/zerovm-prefix/bin/x86_64-nacl-nm -B output
configure:2958: gcc -c -g -O2  conftest.c >&5
configure:2961: $? = 0
configure:2965: /home/volodymyr/instdir/zerovm-prefix/bin/x86_64-nacl-nm -B conftest.o \| sed -n -e 's/^.*[ 	]\([ABCDGISTW][ABCDGISTW]*\)[ 	][ 	]*\(\)\([_A-Za-z][_A-Za-z0-9]*\)$/\1 \2\3 \3/p' \> conftest.nm
/home/volodymyr/instdir/zerovm-prefix/bin/x86_64-nacl-nm: conftest.o: File format not recognized
configure:2968: $? = 0
cannot run sed -n -e 's/^.*[ 	]\([ABCDGISTW][ABCDGISTW]*\)[ 	][ 	]*\(\)\([_A-Za-z][_A-Za-z0-9]*\)$/\1 \2\3 \3/p'
configure:2958: gcc -c -g -O2  conftest.c >&5
configure:2961: $? = 0
configure:2965: /home/volodymyr/instdir/zerovm-prefix/bin/x86_64-nacl-nm -B conftest.o \| sed -n -e 's/^.*[ 	]\([ABCDGISTW][ABCDGISTW]*\)[ 	][ 	]*\(_\)\([_A-Za-z][_A-Za-z0-9]*\)$/\1 \2\3 \3/p' \> conftest.nm
/home/volodymyr/instdir/zerovm-prefix/bin/x86_64-nacl-nm: conftest.o: File format not recognized
configure:2968: $? = 0
cannot run sed -n -e 's/^.*[ 	]\([ABCDGISTW][ABCDGISTW]*\)[ 	][ 	]*\(_\)\([_A-Za-z][_A-Za-z0-9]*\)$/\1 \2\3 \3/p'
configure:3061: result: failed
configure:3073: checking how to run the C preprocessor
configure:3191: result: gcc -E
configure:3216: gcc -E  conftest.c
configure:3222: $? = 0
configure:3254: gcc -E  conftest.c
configure:3253:28: fatal error: ac_nonexistent.h: No such file or directory
compilation terminated.
configure:3260: $? = 1
configure: failed program was:
| #line 3245 "configure"
| /* confdefs.h.  */
| 
| #define PACKAGE_NAME ""
| #define PACKAGE_TARNAME ""
| #define PACKAGE_VERSION ""
| #define PACKAGE_STRING ""
| #define PACKAGE_BUGREPORT ""
| /* end confdefs.h.  */
| #include <ac_nonexistent.h>
configure:3303: checking for egrep
configure:3313: result: grep -E
configure:3318: checking for ANSI C header files
configure:3468: result: yes
configure:3492: checking for sys/types.h
configure:3529: result: yes
configure:3492: checking for sys/stat.h
configure:3529: result: yes
configure:3492: checking for stdlib.h
configure:3529: result: yes
configure:3492: checking for string.h
configure:3529: result: yes
configure:3492: checking for memory.h
configure:3509: gcc -c -g -O2  conftest.c >&5
configure:3512: $? = 0
configure:3515: test -s conftest.o
configure:3518: $? = 0
configure:3529: result: yes
configure:3492: checking for strings.h
configure:3509: gcc -c -g -O2  conftest.c >&5
configure:3512: $? = 0
configure:3515: test -s conftest.o
configure:3518: $? = 0
configure:3529: result: yes
configure:3492: checking for inttypes.h
configure:3509: gcc -c -g -O2  conftest.c >&5
configure:3512: $? = 0
configure:3515: test -s conftest.o
configure:3518: $? = 0
configure:3529: result: yes
configure:3492: checking for stdint.h
configure:3509: gcc -c -g -O2  conftest.c >&5
configure:3512: $? = 0
configure:3515: test -s conftest.o
configure:3518: $? = 0
configure:3529: result: yes
configure:3492: checking for unistd.h
configure:3529: result: yes
configure:3555: checking dlfcn.h usability
configure:3568: gcc -c -g -O2  conftest.c >&5
configure:3571: $? = 0
configure:3574: test -s conftest.o
configure:3577: $? = 0
configure:3587: result: yes
configure:3591: checking dlfcn.h presence
configure:3602: gcc -E  conftest.c
configure:3608: $? = 0
configure:3627: result: yes
configure:3663: checking for dlfcn.h
configure:3670: result: yes
configure:3829: checking for x86_64-nacl-ranlib
configure:3855: result: ranlib
configure:3909: checking for x86_64-nacl-strip
configure:3925: found /home/volodymyr/instdir/zerovm-prefix/bin/x86_64-nacl-strip
configure:3935: result: x86_64-nacl-strip
configure:4179: checking for objdir
configure:4190: result: .libs
configure:4211: checking for gcc option to produce PIC
configure:4361: result: -fPIC
configure:4365: checking if gcc PIC flag -fPIC works
configure:4389: gcc -c -g -O2 -fPIC -DPIC  conftest.c >&5
configure:4392: $? = 0
configure:4395: test -s conftest.o
configure:4398: $? = 0
configure:4436: result: yes
configure:4456: checking if gcc static flag -static works
configure:4481: gcc -o conftest -g -O2   -static conftest.c  >&5
configure:4484: $? = 0
configure:4487: test -s conftest
configure:4490: $? = 0
configure:4506: result: yes
configure:4522: checking if gcc supports -c -o file.o
configure:4552: gcc -c -g -O2 -o out/conftest2.o  conftest.c >&5
configure:4566: result: yes
configure:4571: checking if gcc supports -c -o file.lo
configure:4597: gcc -c -g -O2 -c -o conftest.lo  conftest.c >&5
configure:4600: $? = 0
configure:4603: test -s conftest.o
configure:4606: $? = 1
configure: failed program was:
| #line 4580 "configure"
| /* confdefs.h.  */
| 
| #define PACKAGE_NAME ""
| #define PACKAGE_TARNAME ""
| #define PACKAGE_VERSION ""
| #define PACKAGE_STRING ""
| #define PACKAGE_BUGREPORT ""
| #define STDC_HEADERS 1
| #define HAVE_SYS_TYPES_H 1
| #define HAVE_SYS_STAT_H 1
| #define HAVE_STDLIB_H 1
| #define HAVE_STRING_H 1
| #define HAVE_MEMORY_H 1
| #define HAVE_STRINGS_H 1
| #define HAVE_INTTYPES_H 1
| #define HAVE_STDINT_H 1
| #define HAVE_UNISTD_H 1
| #define HAVE_DLFCN_H 1
| /* end confdefs.h.  */
| 
| int
| main ()
| {
| int some_variable = 0;
|   ;
|   return 0;
| }
configure:4627: result: 
configure:4666: checking if gcc supports -fno-rtti -fno-exceptions
configure:4689: gcc -c -g -O2 -fno-rtti -fno-exceptions -c conftest.c  conftest.c >&5
cc1: warning: command line option '-fno-rtti' is valid for C++/ObjC++ but not for C [enabled by default]
cc1: warning: command line option '-fno-rtti' is valid for C++/ObjC++ but not for C [enabled by default]
configure:4692: $? = 0
configure:4695: test -s conftest.o
configure:4698: $? = 0
configure:4715: result: yes
configure:4730: checking whether the linker (/usr/bin/ld) supports shared libraries
configure:5352: result: yes
configure:5361: checking how to hardcode library paths into programs
configure:5385: result: immediate
configure:5394: checking whether stripping libraries is possible
configure:5399: result: yes
configure:5414: checking dynamic linker characteristics
configure:5796: result: no
configure:5805: checking if libtool supports shared libraries
configure:5807: result: no
configure:6425: checking whether -lc should be explicitly linked in
configure:6433: gcc -c -g -O2  conftest.c >&5
configure:6436: $? = 0
configure:6450: gcc -shared conftest.o  -v -Wl,-soname -Wl,conftest -o conftest 2\>\&1 \| grep  -lc  \>/dev/null 2\>\&1
configure:6453: $? = 0
configure:6466: result: no
configure:7046: checking for ANSI C header files
configure:7196: result: yes
configure:7220: checking limits.h usability
configure:7233: gcc -c -g -O2  conftest.c >&5
configure:7236: $? = 0
configure:7239: test -s conftest.o
configure:7242: $? = 0
configure:7252: result: yes
configure:7256: checking limits.h presence
configure:7267: gcc -E  conftest.c
configure:7273: $? = 0
configure:7292: result: yes
configure:7328: checking for limits.h
configure:7335: result: yes
configure:7350: checking for an ANSI C-conforming const
configure:7418: gcc -c -g -O2  conftest.c >&5
configure:7421: $? = 0
configure:7424: test -s conftest.o
configure:7427: $? = 0
configure:7438: result: yes
configure:7448: checking for size_t
configure:7493: result: yes
configure:7513: checking for bcopy
configure:7563: gcc -o conftest -g -O2   conftest.c  >&5
configure:7555:6: warning: conflicting types for built-in function 'bcopy' [enabled by default]
configure:7566: $? = 0
configure:7569: test -s conftest
configure:7572: $? = 0
configure:7583: result: yes
configure:7513: checking for memmove
configure:7583: result: yes
configure:7513: checking for strerror
configure:7583: result: yes
configure:7812: creating ./config.status

## ---------------------- ##
## Running config.status. ##
## ---------------------- ##

This file was extended by config.status, which was
generated by GNU Autoconf 2.57.  Invocation command line was

  CONFIG_FILES    = 
  CONFIG_HEADERS  = 
  CONFIG_LINKS    = 
  CONFIG_COMMANDS = 
  $ ./config.status 

on home

config.status:662: creating Makefile
config.status:662: creating pcre.h
config.status:662: creating pcre-config
config.status:662: creating RunTest
config.status:766: creating config.h
config.status:979: executing default commands

## ---------------- ##
## Cache variables. ##
## ---------------- ##

ac_cv_build=x86_64-unknown-linux-gnu
ac_cv_build_alias=x86_64-unknown-linux-gnu
ac_cv_c_compiler_gnu=yes
ac_cv_c_const=yes
ac_cv_env_CC_set=set
ac_cv_env_CC_value=gcc
ac_cv_env_CFLAGS_set=set
ac_cv_env_CFLAGS_value='-g -O2'
ac_cv_env_CPPFLAGS_set=
ac_cv_env_CPPFLAGS_value=
ac_cv_env_CPP_set=
ac_cv_env_CPP_value=
ac_cv_env_LDFLAGS_set=
ac_cv_env_LDFLAGS_value=
ac_cv_env_build_alias_set=
ac_cv_env_build_alias_value=
ac_cv_env_host_alias_set=set
ac_cv_env_host_alias_value=x86_64-nacl
ac_cv_env_target_alias_set=
ac_cv_env_target_alias_value=
ac_cv_exeext=
ac_cv_func_bcopy=yes
ac_cv_func_getopt=yes
ac_cv_func_getpwuid=yes
ac_cv_func_iconv=yes
ac_cv_func_lstat=yes
ac_cv_func_memcpy=yes
ac_cv_func_memmove=yes
ac_cv_func_memset=yes
ac_cv_func_mkdir=yes
ac_cv_func_snprintf=yes
ac_cv_func_strcasecmp=yes
ac_cv_func_strcasestr=yes
ac_cv_func_strdup=yes
ac_cv_func_strerror=yes
ac_cv_func_strftime=yes
ac_cv_func_strstr=yes
ac_cv_func_strtol=yes
ac_cv_header_alloca_h=yes
ac_cv_header_arpa_inet_h=yes
ac_cv_header_ctype_h=yes
ac_cv_header_dirent_dirent_h=yes
ac_cv_header_dirent_h=yes
ac_cv_header_dlfcn_h=yes
ac_cv_header_errno_h=yes
ac_cv_header_fcntl_h=yes
ac_cv_header_iconv_h=yes
ac_cv_header_inttypes_h=yes
ac_cv_header_limits_h=yes
ac_cv_header_locale_h=yes
ac_cv_header_malloc_h=yes
ac_cv_header_memory_h=yes
ac_cv_header_netdb_h=yes
ac_cv_header_netinet_in_h=yes
ac_cv_header_pwd_h=yes
ac_cv_header_stat_broken=no
ac_cv_header_stdarg_h=yes
ac_cv_header_stdc=yes
ac_cv_header_stdint_h=yes
ac_cv_header_stdio_h=yes
ac_cv_header_stdlib_h=yes
ac_cv_header_string_h=yes
ac_cv_header_strings_h=yes
ac_cv_header_sys_dir_h=yes
ac_cv_header_sys_param_h=yes
ac_cv_header_sys_socket_h=yes
ac_cv_header_sys_stat_h=yes
ac_cv_header_sys_time_h=yes
ac_cv_header_sys_types_h=yes
ac_cv_header_time=yes
ac_cv_header_time_h=yes
ac_cv_header_unistd_h=yes
ac_cv_host=x86_64-pc-nacl
ac_cv_host_alias=x86_64-nacl
ac_cv_hostcheck=x86_64-pc-nacl
ac_cv_lib_dir_opendir=no
ac_cv_lib_gdbm_gdbm_open=no
ac_cv_lib_nsl_inet_addr=yes
ac_cv_lib_socket_gethostbyaddr=no
ac_cv_lib_socket_inet_addr=no
ac_cv_objext=o
ac_cv_path_install='/usr/bin/install -c'
ac_cv_prog_AR=ar
ac_cv_prog_CC=gcc
ac_cv_prog_CPP='gcc -E'
ac_cv_prog_LN_S='ln -s'
ac_cv_prog_RANLIB=ranlib
ac_cv_prog_STRIP=x86_64-nacl-strip
ac_cv_prog_YACC='bison -y'
ac_cv_prog_cc_cross=no
ac_cv_prog_cc_g=yes
ac_cv_prog_cc_stdc=
ac_cv_prog_cc_works=yes
ac_cv_prog_egrep='grep -E'
ac_cv_prog_gcc=yes
ac_cv_prog_make_make_set=yes
ac_cv_struct_tm=time.h
ac_cv_type_size_t=yes
lt_cv_archive_cmds_need_lc=no
lt_cv_compiler_c_o=yes
lt_cv_compiler_o_lo=no
lt_cv_deplibs_check_method=unknown
lt_cv_file_magic_cmd='$MAGIC_CMD'
lt_cv_file_magic_test_file=
lt_cv_global_symbol_to_cdecl='sed -n -e '\''s/^. .* \(.*\)$/extern char \1;/p'\'''
lt_cv_ld_reload_flag=-r
lt_cv_path_LD=/usr/bin/ld
lt_cv_path_NM='/home/volodymyr/instdir/zerovm-prefix/bin/x86_64-nacl-nm -B'
lt_cv_prog_cc_can_build_shared=yes
lt_cv_prog_cc_no_builtin=
lt_cv_prog_cc_pic=' -fPIC'
lt_cv_prog_cc_pic_works=yes
lt_cv_prog_cc_shlib=
lt_cv_prog_cc_static=-static
lt_cv_prog_cc_static_works=yes
lt_cv_prog_cc_wl=-Wl,
lt_cv_prog_gnu_ld=yes
lt_cv_sys_global_symbol_pipe=

## ----------------- ##
## Output variables. ##
## ----------------- ##

BUILD_EXEEXT='$(EXEEXT)'
BUILD_OBJEXT='$(OBJEXT)'
CC='gcc'
CC_FOR_BUILD='$(CC)'
CFLAGS='-g -O2'
CFLAGS_FOR_BUILD='$(CFLAGS)'
CPP='gcc -E'
CPPFLAGS=''
DEFS='-DHAVE_CONFIG_H'
ECHO='echo'
ECHO_C=''
ECHO_N='-n'
ECHO_T=''
EGREP='grep -E'
EXEEXT=''
HAVE_MEMMOVE=''
HAVE_STRERROR=''
INSTALL_DATA='${INSTALL} -m 644'
INSTALL_PROGRAM='${INSTALL}'
INSTALL_SCRIPT='${INSTALL}'
LDFLAGS=''
LIBOBJS=''
LIBS=''
LIBTOOL='$(SHELL) $(top_builddir)/libtool'
LINK_SIZE=''
LN_S='ln -s'
LTLIBOBJS=''
MATCH_LIMIT=''
NEWLINE=''
NOT_ON_WINDOWS=''
OBJEXT='o'
ON_WINDOWS='#'
PACKAGE_BUGREPORT=''
PACKAGE_NAME=''
PACKAGE_STRING=''
PACKAGE_TARNAME=''
PACKAGE_VERSION=''
PATH_SEPARATOR=':'
PCRE_DATE='21-May-2003'
PCRE_LIB_VERSION='0:1:0'
PCRE_MAJOR='4'
PCRE_MINOR='3'
PCRE_POSIXLIB_VERSION='0:0:0'
PCRE_VERSION='4.3'
POSIX_LIB='libpcreposix.la'
POSIX_LOBJ=''
POSIX_MALLOC_THRESHOLD='-DPOSIX_MALLOC_THRESHOLD=10'
POSIX_OBJ=''
RANLIB='ranlib'
SHELL='/bin/bash'
STRIP='x86_64-nacl-strip'
UTF8=''
WIN_PREFIX=''
ac_ct_CC=''
ac_ct_RANLIB=''
ac_ct_STRIP=''
bindir='${exec_prefix}/bin'
build='x86_64-unknown-linux-gnu'
build_alias=''
build_cpu='x86_64'
build_os='linux-gnu'
build_vendor='unknown'
datadir='${prefix}/share'
exec_prefix='${prefix}'
host='x86_64-pc-nacl'
host_alias='x86_64-nacl'
host_cpu='x86_64'
host_os='nacl'
host_vendor='pc'
includedir='${prefix}/include'
infodir='${prefix}/info'
libdir='${exec_prefix}/lib'
libexecdir='${exec_prefix}/libexec'
localstatedir='${prefix}/var'
mandir='${prefix}/man'
oldincludedir='/usr/include'
prefix='/usr/local'
program_transform_name='s,x,x,'
sbindir='${exec_prefix}/sbin'
sharedstatedir='${prefix}/com'
sysconfdir='${prefix}/etc'
target_alias=''

## ----------- ##
## confdefs.h. ##
## ----------- ##

#define HAVE_BCOPY 1
#define HAVE_DLFCN_H 1
#define HAVE_INTTYPES_H 1
#define HAVE_LIMITS_H 1
#define HAVE_MEMMOVE 1
#define HAVE_MEMORY_H 1
#define HAVE_STDINT_H 1
#define HAVE_STDLIB_H 1
#define HAVE_STRERROR 1
#define HAVE_STRINGS_H 1
#define HAVE_STRING_H 1
#define HAVE_SYS_STAT_H 1
#define HAVE_SYS_TYPES_H 1
#define HAVE_UNISTD_H 1
#define PACKAGE_BUGREPORT ""
#define PACKAGE_NAME ""
#define PACKAGE_STRING ""
#define PACKAGE_TARNAME ""
#define PACKAGE_VERSION ""
#define STDC_HEADERS 1
#define STDC_HEADERS 1

configure: exit 0
