This file contains any messages produced by compilers while
running configure, to aid debugging if configure makes a mistake.

It was created by configure, which was
generated by GNU Autoconf 2.65.  Invocation command line was

  $ ./configure --host=x86_64-nacl

## --------- ##
## Platform. ##
## --------- ##

hostname = home
uname -m = x86_64
uname -r = 3.5.0-43-generic
uname -s = Linux
uname -v = #66~precise1-Ubuntu SMP Thu Oct 24 14:52:23 UTC 2013

/usr/bin/uname -p = unknown
/bin/uname -X     = unknown

/bin/arch              = unknown
/usr/bin/arch -k       = unknown
/usr/convex/getsysinfo = unknown
/usr/bin/hostinfo      = unknown
/bin/machine           = unknown
/usr/bin/oslevel       = unknown
/bin/universe          = unknown

PATH: /usr/lib/lightdm/lightdm
PATH: /usr/local/sbin
PATH: /usr/local/bin
PATH: /usr/sbin
PATH: /usr/bin
PATH: /sbin
PATH: /bin
PATH: /usr/games
PATH: /home/volodymyr/instdir/zerovm-prefix/bin
PATH: /home/volodymyr/sphinx/bin


## ----------- ##
## Core tests. ##
## ----------- ##

configure:2410: checking for x86_64-nacl-gcc
configure:2426: found /home/volodymyr/instdir/zerovm-prefix/bin/x86_64-nacl-gcc
configure:2437: result: x86_64-nacl-gcc
configure:2706: checking for C compiler version
configure:2715: x86_64-nacl-gcc --version >&5
x86_64-nacl-gcc (GCC) 4.4.3
Copyright (C) 2010 Free Software Foundation, Inc.
This is free software; see the source for copying conditions.  There is NO
warranty; not even for MERCHANTABILITY or FITNESS FOR A PARTICULAR PURPOSE.

configure:2726: $? = 0
configure:2715: x86_64-nacl-gcc -v >&5
Using built-in specs.
Reading specs from /home/volodymyr/instdir/zerovm-prefix/lib/gcc/x86_64-nacl/specs
Target: x86_64-nacl
Configured with: /home/volodymyr/git/toolchain/SRC/gcc/configure CC='gcc -m32' CFLAGS='-O2 -g -Dinhibit_libc -D__gthr_posix_h' LDFLAGS=-s 'CFLAGS_FOR_TARGET=-O2 -g ' 'CXXFLAGS_FOR_TARGET=-O2 -g ' --prefix=/home/volodymyr/instdir/zerovm-prefix --disable-decimal-float --disable-libgomp --disable-libmudflap --disable-libssp --disable-libstdcxx-pch --target=x86_64-nacl --with-gmp=/home/volodymyr/git/toolchain/BUILD/.gcc-extra-install-gmp --with-mpfr=/home/volodymyr/git/toolchain/BUILD/.gcc-extra-install-mpfr --with-ppl=/home/volodymyr/git/toolchain/BUILD/.gcc-extra-install-ppl --with-host-libstdcxx='-lpwl -Wl,-Bstatic -lstdc++ -Wl,-Bdynamic -lm' --with-cloog=/home/volodymyr/git/toolchain/BUILD/.gcc-extra-install-cloog-ppl --disable-ppl-version-check --enable-shared --enable-languages=c,c++,objc,obj-c++,fortran --enable-threads=posix --enable-tls
Thread model: posix
gcc version 4.4.3 (GCC) 
configure:2726: $? = 0
configure:2715: x86_64-nacl-gcc -V >&5
x86_64-nacl-gcc: '-V' option must have argument
configure:2726: $? = 1
configure:2715: x86_64-nacl-gcc -qversion >&5
x86_64-nacl-gcc: unrecognized option '-qversion'
x86_64-nacl-gcc: no input files
configure:2726: $? = 1
configure:2746: checking whether the C compiler works
configure:2768: x86_64-nacl-gcc    conftest.c  >&5
configure:2772: $? = 0
configure:2821: result: yes
configure:2824: checking for C compiler default output file name
configure:2826: result: a.out
configure:2832: checking for suffix of executables
configure:2839: x86_64-nacl-gcc -o conftest    conftest.c  >&5
configure:2843: $? = 0
configure:2865: result: 
configure:2887: checking whether we are cross compiling
configure:2895: x86_64-nacl-gcc -o conftest    conftest.c  >&5
configure:2899: $? = 0
configure:2906: ./conftest
./configure: line 2908:  5558 Segmentation fault      (core dumped) ./conftest$ac_cv_exeext
configure:2910: $? = 139
configure:2925: result: yes
configure:2930: checking for suffix of object files
configure:2952: x86_64-nacl-gcc -c   conftest.c >&5
configure:2956: $? = 0
configure:2977: result: o
configure:2981: checking whether we are using the GNU C compiler
configure:3000: x86_64-nacl-gcc -c   conftest.c >&5
configure:3000: $? = 0
configure:3009: result: yes
configure:3018: checking whether x86_64-nacl-gcc accepts -g
configure:3038: x86_64-nacl-gcc -c -g  conftest.c >&5
configure:3038: $? = 0
configure:3079: result: yes
configure:3096: checking for x86_64-nacl-gcc option to accept ISO C89
configure:3160: x86_64-nacl-gcc  -c -g -O2  conftest.c >&5
configure:3160: $? = 0
configure:3173: result: none needed
configure:3194: checking for library containing strerror
configure:3225: x86_64-nacl-gcc -o conftest -g -O2   conftest.c  >&5
configure:3225: $? = 0
configure:3242: result: none required
configure:3254: checking for x86_64-nacl-gcc option to accept ISO C99
configure:3403: x86_64-nacl-gcc  -c -g -O2  conftest.c >&5
conftest.c:60: error: expected ';', ',' or ')' before 'text'
conftest.c: In function 'main':
conftest.c:114: error: expected '=', ',', ';', 'asm' or '__attribute__' before 'newvar'
conftest.c:114: error: 'newvar' undeclared (first use in this function)
conftest.c:114: error: (Each undeclared identifier is reported only once
conftest.c:114: error: for each function it appears in.)
conftest.c:124: error: 'for' loop initial declarations are only allowed in C99 mode
conftest.c:124: note: use option -std=c99 or -std=gnu99 to compile your code
configure:3403: $? = 1
configure: failed program was:
| /* confdefs.h */
| #define PACKAGE_NAME ""
| #define PACKAGE_TARNAME ""
| #define PACKAGE_VERSION ""
| #define PACKAGE_STRING ""
| #define PACKAGE_BUGREPORT ""
| #define PACKAGE_URL ""
| #define SYSTEM_XPDFRC "/usr/local/etc/xpdfrc"
| /* end confdefs.h.  */
| #include <stdarg.h>
| #include <stdbool.h>
| #include <stdlib.h>
| #include <wchar.h>
| #include <stdio.h>
| 
| // Check varargs macros.  These examples are taken from C99 6.10.3.5.
| #define debug(...) fprintf (stderr, __VA_ARGS__)
| #define showlist(...) puts (#__VA_ARGS__)
| #define report(test,...) ((test) ? puts (#test) : printf (__VA_ARGS__))
| static void
| test_varargs_macros (void)
| {
|   int x = 1234;
|   int y = 5678;
|   debug ("Flag");
|   debug ("X = %d\n", x);
|   showlist (The first, second, and third items.);
|   report (x>y, "x is %d but y is %d", x, y);
| }
| 
| // Check long long types.
| #define BIG64 18446744073709551615ull
| #define BIG32 4294967295ul
| #define BIG_OK (BIG64 / BIG32 == 4294967297ull && BIG64 % BIG32 == 0)
| #if !BIG_OK
|   your preprocessor is broken;
| #endif
| #if BIG_OK
| #else
|   your preprocessor is broken;
| #endif
| static long long int bignum = -9223372036854775807LL;
| static unsigned long long int ubignum = BIG64;
| 
| struct incomplete_array
| {
|   int datasize;
|   double data[];
| };
| 
| struct named_init {
|   int number;
|   const wchar_t *name;
|   double average;
| };
| 
| typedef const char *ccp;
| 
| static inline int
| test_restrict (ccp restrict text)
| {
|   // See if C++-style comments work.
|   // Iterate through items via the restricted pointer.
|   // Also check for declarations in for loops.
|   for (unsigned int i = 0; *(text+i) != '\0'; ++i)
|     continue;
|   return 0;
| }
| 
| // Check varargs and va_copy.
| static void
| test_varargs (const char *format, ...)
| {
|   va_list args;
|   va_start (args, format);
|   va_list args_copy;
|   va_copy (args_copy, args);
| 
|   const char *str;
|   int number;
|   float fnumber;
| 
|   while (*format)
|     {
|       switch (*format++)
| 	{
| 	case 's': // string
| 	  str = va_arg (args_copy, const char *);
| 	  break;
| 	case 'd': // int
| 	  number = va_arg (args_copy, int);
| 	  break;
| 	case 'f': // float
| 	  fnumber = va_arg (args_copy, double);
| 	  break;
| 	default:
| 	  break;
| 	}
|     }
|   va_end (args_copy);
|   va_end (args);
| }
| 
| int
| main ()
| {
| 
|   // Check bool.
|   _Bool success = false;
| 
|   // Check restrict.
|   if (test_restrict ("String literal") == 0)
|     success = true;
|   char *restrict newvar = "Another string";
| 
|   // Check varargs.
|   test_varargs ("s, d' f .", "string", 65, 34.234);
|   test_varargs_macros ();
| 
|   // Check flexible array members.
|   struct incomplete_array *ia =
|     malloc (sizeof (struct incomplete_array) + (sizeof (double) * 10));
|   ia->datasize = 10;
|   for (int i = 0; i < ia->datasize; ++i)
|     ia->data[i] = i * 1.234;
| 
|   // Check named initializers.
|   struct named_init ni = {
|     .number = 34,
|     .name = L"Test wide string",
|     .average = 543.34343,
|   };
| 
|   ni.number = 58;
| 
|   int dynamic_array[ni.number];
|   dynamic_array[ni.number - 1] = 543;
| 
|   // work around unused variable warnings
|   return (!success || bignum == 0LL || ubignum == 0uLL || newvar[0] == 'x'
| 	  || dynamic_array[ni.number - 1] != 543);
| 
|   ;
|   return 0;
| }
configure:3403: x86_64-nacl-gcc -std=gnu99 -c -g -O2  conftest.c >&5
configure:3403: $? = 0
configure:3423: result: -std=gnu99
configure:3525: checking for x86_64-nacl-gcc -std=gnu99 option to accept ISO Standard C
configure:3539: result: -std=gnu99
configure:3560: checking for x86_64-nacl-g++
configure:3576: found /home/volodymyr/instdir/zerovm-prefix/bin/x86_64-nacl-g++
configure:3587: result: x86_64-nacl-g++
configure:3658: checking for C++ compiler version
configure:3667: x86_64-nacl-g++ --version >&5
x86_64-nacl-g++ (GCC) 4.4.3
Copyright (C) 2010 Free Software Foundation, Inc.
This is free software; see the source for copying conditions.  There is NO
warranty; not even for MERCHANTABILITY or FITNESS FOR A PARTICULAR PURPOSE.

configure:3678: $? = 0
configure:3667: x86_64-nacl-g++ -v >&5
Using built-in specs.
Reading specs from /home/volodymyr/instdir/zerovm-prefix/lib/gcc/x86_64-nacl/specs
Target: x86_64-nacl
Configured with: /home/volodymyr/git/toolchain/SRC/gcc/configure CC='gcc -m32' CFLAGS='-O2 -g -Dinhibit_libc -D__gthr_posix_h' LDFLAGS=-s 'CFLAGS_FOR_TARGET=-O2 -g ' 'CXXFLAGS_FOR_TARGET=-O2 -g ' --prefix=/home/volodymyr/instdir/zerovm-prefix --disable-decimal-float --disable-libgomp --disable-libmudflap --disable-libssp --disable-libstdcxx-pch --target=x86_64-nacl --with-gmp=/home/volodymyr/git/toolchain/BUILD/.gcc-extra-install-gmp --with-mpfr=/home/volodymyr/git/toolchain/BUILD/.gcc-extra-install-mpfr --with-ppl=/home/volodymyr/git/toolchain/BUILD/.gcc-extra-install-ppl --with-host-libstdcxx='-lpwl -Wl,-Bstatic -lstdc++ -Wl,-Bdynamic -lm' --with-cloog=/home/volodymyr/git/toolchain/BUILD/.gcc-extra-install-cloog-ppl --disable-ppl-version-check --enable-shared --enable-languages=c,c++,objc,obj-c++,fortran --enable-threads=posix --enable-tls
Thread model: posix
gcc version 4.4.3 (GCC) 
configure:3678: $? = 0
configure:3667: x86_64-nacl-g++ -V >&5
x86_64-nacl-g++: '-V' option must have argument
configure:3678: $? = 1
configure:3667: x86_64-nacl-g++ -qversion >&5
x86_64-nacl-g++: unrecognized option '-qversion'
x86_64-nacl-g++: no input files
configure:3678: $? = 1
configure:3682: checking whether we are using the GNU C++ compiler
configure:3701: x86_64-nacl-g++ -c   conftest.cpp >&5
configure:3701: $? = 0
configure:3710: result: yes
configure:3719: checking whether x86_64-nacl-g++ accepts -g
configure:3739: x86_64-nacl-g++ -c -g  conftest.cpp >&5
configure:3739: $? = 0
configure:3780: result: yes
configure:3840: checking for a BSD-compatible install
configure:3908: result: /usr/bin/install -c
configure:3922: checking for x86_64-nacl-ranlib
configure:3938: found /home/volodymyr/instdir/zerovm-prefix/bin/x86_64-nacl-ranlib
configure:3949: result: x86_64-nacl-ranlib
configure:4017: checking for OS/2 (with EMX)
configure:4033: x86_64-nacl-gcc -std=gnu99 -c -g -O2  conftest.c >&5
conftest.c: In function 'main':
conftest.c:14: error: '__EMX__' undeclared (first use in this function)
conftest.c:14: error: (Each undeclared identifier is reported only once
conftest.c:14: error: for each function it appears in.)
configure:4033: $? = 1
configure: failed program was:
| /* confdefs.h */
| #define PACKAGE_NAME ""
| #define PACKAGE_TARNAME ""
| #define PACKAGE_VERSION ""
| #define PACKAGE_STRING ""
| #define PACKAGE_BUGREPORT ""
| #define PACKAGE_URL ""
| #define SYSTEM_XPDFRC "/usr/local/etc/xpdfrc"
| /* end confdefs.h.  */
| 
| int
| main ()
| {
| __EMX__
|   ;
|   return 0;
| }
configure:4040: result: no
configure:4048: checking for DOS (with DJGPP)
configure:4064: x86_64-nacl-gcc -std=gnu99 -c -g -O2  conftest.c >&5
conftest.c: In function 'main':
conftest.c:14: error: '__DJGPP__' undeclared (first use in this function)
conftest.c:14: error: (Each undeclared identifier is reported only once
conftest.c:14: error: for each function it appears in.)
configure:4064: $? = 1
configure: failed program was:
| /* confdefs.h */
| #define PACKAGE_NAME ""
| #define PACKAGE_TARNAME ""
| #define PACKAGE_VERSION ""
| #define PACKAGE_STRING ""
| #define PACKAGE_BUGREPORT ""
| #define PACKAGE_URL ""
| #define SYSTEM_XPDFRC "/usr/local/etc/xpdfrc"
| /* end confdefs.h.  */
| 
| int
| main ()
| {
| __DJGPP__
|   ;
|   return 0;
| }
configure:4071: result: no
configure:4090: checking how to run the C preprocessor
configure:4121: x86_64-nacl-gcc -std=gnu99 -E  conftest.c
configure:4121: $? = 0
configure:4135: x86_64-nacl-gcc -std=gnu99 -E  conftest.c
conftest.c:10:28: error: ac_nonexistent.h: No such file or directory
configure:4135: $? = 1
configure: failed program was:
| /* confdefs.h */
| #define PACKAGE_NAME ""
| #define PACKAGE_TARNAME ""
| #define PACKAGE_VERSION ""
| #define PACKAGE_STRING ""
| #define PACKAGE_BUGREPORT ""
| #define PACKAGE_URL ""
| #define SYSTEM_XPDFRC "/usr/local/etc/xpdfrc"
| /* end confdefs.h.  */
| #include <ac_nonexistent.h>
configure:4160: result: x86_64-nacl-gcc -std=gnu99 -E
configure:4180: x86_64-nacl-gcc -std=gnu99 -E  conftest.c
configure:4180: $? = 0
configure:4194: x86_64-nacl-gcc -std=gnu99 -E  conftest.c
conftest.c:10:28: error: ac_nonexistent.h: No such file or directory
configure:4194: $? = 1
configure: failed program was:
| /* confdefs.h */
| #define PACKAGE_NAME ""
| #define PACKAGE_TARNAME ""
| #define PACKAGE_VERSION ""
| #define PACKAGE_STRING ""
| #define PACKAGE_BUGREPORT ""
| #define PACKAGE_URL ""
| #define SYSTEM_XPDFRC "/usr/local/etc/xpdfrc"
| /* end confdefs.h.  */
| #include <ac_nonexistent.h>
configure:4223: checking for X
configure:4331: x86_64-nacl-gcc -std=gnu99 -E  conftest.c
conftest.c:10:22: error: X11/Xlib.h: No such file or directory
configure:4331: $? = 1
configure: failed program was:
| /* confdefs.h */
| #define PACKAGE_NAME ""
| #define PACKAGE_TARNAME ""
| #define PACKAGE_VERSION ""
| #define PACKAGE_STRING ""
| #define PACKAGE_BUGREPORT ""
| #define PACKAGE_URL ""
| #define SYSTEM_XPDFRC "/usr/local/etc/xpdfrc"
| /* end confdefs.h.  */
| #include <X11/Xlib.h>
configure:4362: x86_64-nacl-gcc -std=gnu99 -o conftest -g -O2   conftest.c -lX11  >&5
conftest.c:10:22: error: X11/Xlib.h: No such file or directory
conftest.c: In function 'main':
conftest.c:14: warning: implicit declaration of function 'XrmInitialize'
configure:4362: $? = 1
configure: failed program was:
| /* confdefs.h */
| #define PACKAGE_NAME ""
| #define PACKAGE_TARNAME ""
| #define PACKAGE_VERSION ""
| #define PACKAGE_STRING ""
| #define PACKAGE_BUGREPORT ""
| #define PACKAGE_URL ""
| #define SYSTEM_XPDFRC "/usr/local/etc/xpdfrc"
| /* end confdefs.h.  */
| #include <X11/Xlib.h>
| int
| main ()
| {
| XrmInitialize ()
|   ;
|   return 0;
| }
configure:4401: result: no
configure:4909: checking for dirent.h that defines DIR
configure:4928: x86_64-nacl-gcc -std=gnu99 -c -g -O2  conftest.c >&5
configure:4928: $? = 0
configure:4936: result: yes
configure:4950: checking for library containing opendir
configure:4981: x86_64-nacl-gcc -std=gnu99 -o conftest -g -O2   conftest.c  >&5
configure:4981: $? = 0
configure:4998: result: none required
configure:5074: checking for gethostbyname
configure:5074: x86_64-nacl-g++ -o conftest -g -O2   conftest.cpp  >&5
/tmp/ccOsndlc.o: In function `main':
/home/volodymyr/git/work/sphinx_port/zxpdf-3.03/conftest.cpp:46: warning: Using 'gethostbyname' in statically linked applications requires at runtime the shared libraries from the glibc version used for linking
configure:5074: $? = 0
configure:5074: result: yes
configure:5122: checking select() and fd_set in sys/select.h and sys/bsdtypes.h
configure:5139: x86_64-nacl-g++ -c -g -O2  conftest.cpp >&5
configure:5139: $? = 0
configure:5146: result: not needed
configure:5211: checking FD_ZERO and strings.h or bstring.h
configure:5228: x86_64-nacl-g++ -c -g -O2  conftest.cpp >&5
configure:5228: $? = 0
configure:5235: result: not needed
configure:5302: checking for rewinddir
configure:5302: x86_64-nacl-g++ -o conftest -g -O2   conftest.cpp  >&5
configure:5302: $? = 0
configure:5302: result: yes
configure:5361: checking for popen
configure:5361: x86_64-nacl-g++ -o conftest -g -O2   conftest.cpp  >&5
configure:5361: $? = 0
configure:5361: result: yes
configure:5370: checking for mkstemp
configure:5387: x86_64-nacl-g++ -o conftest -g -O2   conftest.cpp  >&5
conftest.cpp: In function 'int main()':
conftest.cpp:19: warning: deprecated conversion from string constant to 'char*'
configure:5387: $? = 0
configure:5395: result: yes
configure:5401: checking for mkstemps
configure:5418: x86_64-nacl-g++ -o conftest -g -O2   conftest.cpp  >&5
conftest.cpp: In function 'int main()':
conftest.cpp:20: error: 'mkstemps' was not declared in this scope
configure:5418: $? = 1
configure: failed program was:
| /* confdefs.h */
| #define PACKAGE_NAME ""
| #define PACKAGE_TARNAME ""
| #define PACKAGE_VERSION ""
| #define PACKAGE_STRING ""
| #define PACKAGE_BUGREPORT ""
| #define PACKAGE_URL ""
| #define SYSTEM_XPDFRC "/usr/local/etc/xpdfrc"
| #define X_DISPLAY_MISSING 1
| #define HAVE_DIRENT_H 1
| #define HAVE_REWINDDIR 1
| #define HAVE_POPEN 1
| #define HAVE_MKSTEMP 1
| /* end confdefs.h.  */
| #include <stdlib.h>
| #include <unistd.h>
| int
| main ()
| {
| mkstemps("foo", 0);
|   ;
|   return 0;
| }
configure:5426: result: no
configure:5433: checking whether select takes fd_set arguments
configure:5455: x86_64-nacl-g++ -c -g -O2  conftest.cpp >&5
configure:5455: $? = 0
configure:5462: result: yes
configure:5469: checking for std::sort
configure:5489: x86_64-nacl-g++ -c -g -O2  conftest.cpp >&5
configure:5489: $? = 0
configure:5496: result: yes
configure:5517: checking for special C compiler options needed for large files
configure:5562: result: no
configure:5568: checking for _FILE_OFFSET_BITS value needed for large files
configure:5593: x86_64-nacl-gcc -std=gnu99 -c -g -O2  conftest.c >&5
configure:5593: $? = 0
configure:5625: result: no
configure:5708: checking for _LARGEFILE_SOURCE value needed for large files
configure:5727: x86_64-nacl-gcc -std=gnu99 -o conftest -g -O2   conftest.c  >&5
configure:5727: $? = 0
configure:5755: result: no
configure:5778: checking for fseek64
configure:5778: x86_64-nacl-gcc -std=gnu99 -o conftest -g -O2   conftest.c  >&5
/tmp/cc8S7ONv.o: In function `main':
/home/volodymyr/git/work/sphinx_port/zxpdf-3.03/conftest.c:51: undefined reference to `fseek64'
collect2: ld returned 1 exit status
configure:5778: $? = 1
configure: failed program was:
| /* confdefs.h */
| #define PACKAGE_NAME ""
| #define PACKAGE_TARNAME ""
| #define PACKAGE_VERSION ""
| #define PACKAGE_STRING ""
| #define PACKAGE_BUGREPORT ""
| #define PACKAGE_URL ""
| #define SYSTEM_XPDFRC "/usr/local/etc/xpdfrc"
| #define X_DISPLAY_MISSING 1
| #define HAVE_DIRENT_H 1
| #define HAVE_REWINDDIR 1
| #define HAVE_POPEN 1
| #define HAVE_MKSTEMP 1
| #define HAVE_STD_SORT 1
| #define HAVE_FSEEKO 1
| /* end confdefs.h.  */
| /* Define fseek64 to an innocuous variant, in case <limits.h> declares fseek64.
|    For example, HP-UX 11i <limits.h> declares gettimeofday.  */
| #define fseek64 innocuous_fseek64
| 
| /* System header to define __stub macros and hopefully few prototypes,
|     which can conflict with char fseek64 (); below.
|     Prefer <limits.h> to <assert.h> if __STDC__ is defined, since
|     <limits.h> exists even on freestanding compilers.  */
| 
| #ifdef __STDC__
| # include <limits.h>
| #else
| # include <assert.h>
| #endif
| 
| #undef fseek64
| 
| /* Override any GCC internal prototype to avoid an error.
|    Use char because int might match the return type of a GCC
|    builtin and then its argument prototype would still apply.  */
| #ifdef __cplusplus
| extern "C"
| #endif
| char fseek64 ();
| /* The GNU C library defines this for functions which it implements
|     to always fail with ENOSYS.  Some functions are actually named
|     something starting with __ and the normal name is an alias.  */
| #if defined __stub_fseek64 || defined __stub___fseek64
| choke me
| #endif
| 
| int
| main ()
| {
| return fseek64 ();
|   ;
|   return 0;
| }
configure:5778: result: no
configure:5791: checking for ftell64
configure:5791: x86_64-nacl-gcc -std=gnu99 -o conftest -g -O2   conftest.c  >&5
/tmp/cc8EhE09.o: In function `main':
/home/volodymyr/git/work/sphinx_port/zxpdf-3.03/conftest.c:51: undefined reference to `ftell64'
collect2: ld returned 1 exit status
configure:5791: $? = 1
configure: failed program was:
| /* confdefs.h */
| #define PACKAGE_NAME ""
| #define PACKAGE_TARNAME ""
| #define PACKAGE_VERSION ""
| #define PACKAGE_STRING ""
| #define PACKAGE_BUGREPORT ""
| #define PACKAGE_URL ""
| #define SYSTEM_XPDFRC "/usr/local/etc/xpdfrc"
| #define X_DISPLAY_MISSING 1
| #define HAVE_DIRENT_H 1
| #define HAVE_REWINDDIR 1
| #define HAVE_POPEN 1
| #define HAVE_MKSTEMP 1
| #define HAVE_STD_SORT 1
| #define HAVE_FSEEKO 1
| /* end confdefs.h.  */
| /* Define ftell64 to an innocuous variant, in case <limits.h> declares ftell64.
|    For example, HP-UX 11i <limits.h> declares gettimeofday.  */
| #define ftell64 innocuous_ftell64
| 
| /* System header to define __stub macros and hopefully few prototypes,
|     which can conflict with char ftell64 (); below.
|     Prefer <limits.h> to <assert.h> if __STDC__ is defined, since
|     <limits.h> exists even on freestanding compilers.  */
| 
| #ifdef __STDC__
| # include <limits.h>
| #else
| # include <assert.h>
| #endif
| 
| #undef ftell64
| 
| /* Override any GCC internal prototype to avoid an error.
|    Use char because int might match the return type of a GCC
|    builtin and then its argument prototype would still apply.  */
| #ifdef __cplusplus
| extern "C"
| #endif
| char ftell64 ();
| /* The GNU C library defines this for functions which it implements
|     to always fail with ENOSYS.  Some functions are actually named
|     something starting with __ and the normal name is an alias.  */
| #if defined __stub_ftell64 || defined __stub___ftell64
| choke me
| #endif
| 
| int
| main ()
| {
| return ftell64 ();
|   ;
|   return 0;
| }
configure:5791: result: no
configure:7401: checking whether to use freetype2 library
configure:7408: result: maybe
configure:7457: checking where to find the freetype2 header files
configure:7464: result: 
configure:7483: checking ft2build.h usability
configure:7483: x86_64-nacl-gcc -std=gnu99 -c -g -O2    conftest.c >&5
conftest.c:50:22: error: ft2build.h: No such file or directory
configure:7483: $? = 1
configure: failed program was:
| /* confdefs.h */
| #define PACKAGE_NAME ""
| #define PACKAGE_TARNAME ""
| #define PACKAGE_VERSION ""
| #define PACKAGE_STRING ""
| #define PACKAGE_BUGREPORT ""
| #define PACKAGE_URL ""
| #define SYSTEM_XPDFRC "/usr/local/etc/xpdfrc"
| #define X_DISPLAY_MISSING 1
| #define HAVE_DIRENT_H 1
| #define HAVE_REWINDDIR 1
| #define HAVE_POPEN 1
| #define HAVE_MKSTEMP 1
| #define HAVE_STD_SORT 1
| #define HAVE_FSEEKO 1
| /* end confdefs.h.  */
| #include <stdio.h>
| #ifdef HAVE_SYS_TYPES_H
| # include <sys/types.h>
| #endif
| #ifdef HAVE_SYS_STAT_H
| # include <sys/stat.h>
| #endif
| #ifdef STDC_HEADERS
| # include <stdlib.h>
| # include <stddef.h>
| #else
| # ifdef HAVE_STDLIB_H
| #  include <stdlib.h>
| # endif
| #endif
| #ifdef HAVE_STRING_H
| # if !defined STDC_HEADERS && defined HAVE_MEMORY_H
| #  include <memory.h>
| # endif
| # include <string.h>
| #endif
| #ifdef HAVE_STRINGS_H
| # include <strings.h>
| #endif
| #ifdef HAVE_INTTYPES_H
| # include <inttypes.h>
| #endif
| #ifdef HAVE_STDINT_H
| # include <stdint.h>
| #endif
| #ifdef HAVE_UNISTD_H
| # include <unistd.h>
| #endif
| #include <ft2build.h>
configure:7483: result: no
configure:7483: checking ft2build.h presence
configure:7483: x86_64-nacl-gcc -std=gnu99 -E    conftest.c
conftest.c:17:22: error: ft2build.h: No such file or directory
configure:7483: $? = 1
configure: failed program was:
| /* confdefs.h */
| #define PACKAGE_NAME ""
| #define PACKAGE_TARNAME ""
| #define PACKAGE_VERSION ""
| #define PACKAGE_STRING ""
| #define PACKAGE_BUGREPORT ""
| #define PACKAGE_URL ""
| #define SYSTEM_XPDFRC "/usr/local/etc/xpdfrc"
| #define X_DISPLAY_MISSING 1
| #define HAVE_DIRENT_H 1
| #define HAVE_REWINDDIR 1
| #define HAVE_POPEN 1
| #define HAVE_MKSTEMP 1
| #define HAVE_STD_SORT 1
| #define HAVE_FSEEKO 1
| /* end confdefs.h.  */
| #include <ft2build.h>
configure:7483: result: no
configure:7483: checking for ft2build.h
configure:7483: result: no
configure:7564: result: not using freetype2 library
configure:7616: checking whether to use libpaper library
configure:7623: result: maybe
configure:7672: checking where to find the libpaper header files
configure:7679: result: 
configure:7698: checking paper.h usability
configure:7698: x86_64-nacl-gcc -std=gnu99 -c -g -O2    conftest.c >&5
conftest.c:50:19: error: paper.h: No such file or directory
configure:7698: $? = 1
configure: failed program was:
| /* confdefs.h */
| #define PACKAGE_NAME ""
| #define PACKAGE_TARNAME ""
| #define PACKAGE_VERSION ""
| #define PACKAGE_STRING ""
| #define PACKAGE_BUGREPORT ""
| #define PACKAGE_URL ""
| #define SYSTEM_XPDFRC "/usr/local/etc/xpdfrc"
| #define X_DISPLAY_MISSING 1
| #define HAVE_DIRENT_H 1
| #define HAVE_REWINDDIR 1
| #define HAVE_POPEN 1
| #define HAVE_MKSTEMP 1
| #define HAVE_STD_SORT 1
| #define HAVE_FSEEKO 1
| /* end confdefs.h.  */
| #include <stdio.h>
| #ifdef HAVE_SYS_TYPES_H
| # include <sys/types.h>
| #endif
| #ifdef HAVE_SYS_STAT_H
| # include <sys/stat.h>
| #endif
| #ifdef STDC_HEADERS
| # include <stdlib.h>
| # include <stddef.h>
| #else
| # ifdef HAVE_STDLIB_H
| #  include <stdlib.h>
| # endif
| #endif
| #ifdef HAVE_STRING_H
| # if !defined STDC_HEADERS && defined HAVE_MEMORY_H
| #  include <memory.h>
| # endif
| # include <string.h>
| #endif
| #ifdef HAVE_STRINGS_H
| # include <strings.h>
| #endif
| #ifdef HAVE_INTTYPES_H
| # include <inttypes.h>
| #endif
| #ifdef HAVE_STDINT_H
| # include <stdint.h>
| #endif
| #ifdef HAVE_UNISTD_H
| # include <unistd.h>
| #endif
| #include <paper.h>
configure:7698: result: no
configure:7698: checking paper.h presence
configure:7698: x86_64-nacl-gcc -std=gnu99 -E    conftest.c
conftest.c:17:19: error: paper.h: No such file or directory
configure:7698: $? = 1
configure: failed program was:
| /* confdefs.h */
| #define PACKAGE_NAME ""
| #define PACKAGE_TARNAME ""
| #define PACKAGE_VERSION ""
| #define PACKAGE_STRING ""
| #define PACKAGE_BUGREPORT ""
| #define PACKAGE_URL ""
| #define SYSTEM_XPDFRC "/usr/local/etc/xpdfrc"
| #define X_DISPLAY_MISSING 1
| #define HAVE_DIRENT_H 1
| #define HAVE_REWINDDIR 1
| #define HAVE_POPEN 1
| #define HAVE_MKSTEMP 1
| #define HAVE_STD_SORT 1
| #define HAVE_FSEEKO 1
| /* end confdefs.h.  */
| #include <paper.h>
configure:7698: result: no
configure:7698: checking for paper.h
configure:7698: result: no
configure:7779: result: not using libpaper library
configure:7915: creating ./config.status

## ---------------------- ##
## Running config.status. ##
## ---------------------- ##

This file was extended by config.status, which was
generated by GNU Autoconf 2.65.  Invocation command line was

  CONFIG_FILES    = 
  CONFIG_HEADERS  = 
  CONFIG_LINKS    = 
  CONFIG_COMMANDS = 
  $ ./config.status 

on home

config.status:839: creating Makefile
config.status:942: WARNING:  'Makefile.in' seems to ignore the --datarootdir setting
config.status:839: creating goo/Makefile
config.status:839: creating fofi/Makefile
config.status:839: creating splash/Makefile
config.status:839: creating xpdf/Makefile
config.status:839: creating aconf.h
config.status:1005: aconf.h is unchanged
configure:9080: WARNING: Couldn't find X
configure:9084: WARNING: Couldn't find Motif
configure:9088: WARNING: Couldn't find FreeType
configure:9093: WARNING: -- You will be able to compile pdftops, pdftotext,
        pdfinfo, pdffonts, pdfdetach, and pdfimages, but not xpdf
        or pdftoppm

## ---------------- ##
## Cache variables. ##
## ---------------- ##

ac_cv_c_compiler_gnu=yes
ac_cv_cxx_compiler_gnu=yes
ac_cv_env_CCC_set=
ac_cv_env_CCC_value=
ac_cv_env_CC_set=
ac_cv_env_CC_value=
ac_cv_env_CFLAGS_set=
ac_cv_env_CFLAGS_value=
ac_cv_env_CPPFLAGS_set=
ac_cv_env_CPPFLAGS_value=
ac_cv_env_CPP_set=
ac_cv_env_CPP_value=
ac_cv_env_CXXFLAGS_set=
ac_cv_env_CXXFLAGS_value=
ac_cv_env_CXX_set=
ac_cv_env_CXX_value=
ac_cv_env_LDFLAGS_set=
ac_cv_env_LDFLAGS_value=
ac_cv_env_LIBS_set=
ac_cv_env_LIBS_value=
ac_cv_env_XMKMF_set=
ac_cv_env_XMKMF_value=
ac_cv_env_build_alias_set=
ac_cv_env_build_alias_value=
ac_cv_env_host_alias_set=set
ac_cv_env_host_alias_value=x86_64-nacl
ac_cv_env_target_alias_set=
ac_cv_env_target_alias_value=
ac_cv_func_fseek64=no
ac_cv_func_ftell64=no
ac_cv_func_gethostbyname=yes
ac_cv_func_malloc_0_nonnull=yes
ac_cv_func_popen=yes
ac_cv_func_rewinddir=yes
ac_cv_have_x=have_x=no
ac_cv_header_dirent_dirent_h=yes
ac_cv_header_ft2build_h=no
ac_cv_header_paper_h=no
ac_cv_objext=o
ac_cv_path_install='/usr/bin/install -c'
ac_cv_prog_CC=x86_64-nacl-gcc
ac_cv_prog_CPP='x86_64-nacl-gcc -std=gnu99 -E'
ac_cv_prog_CXX=x86_64-nacl-g++
ac_cv_prog_RANLIB=x86_64-nacl-ranlib
ac_cv_prog_cc_c89=
ac_cv_prog_cc_c99=-std=gnu99
ac_cv_prog_cc_g=yes
ac_cv_prog_cc_stdc=-std=gnu99
ac_cv_prog_cxx_g=yes
ac_cv_search_opendir='none required'
ac_cv_search_strerror='none required'
ac_cv_sys_file_offset_bits=no
ac_cv_sys_largefile_CC=no
ac_cv_sys_largefile_source=no
smr_cv_with_freetype2_includes=
smr_cv_with_freetype2_library=maybe
smr_cv_with_libpaper_includes=
smr_cv_with_libpaper_library=maybe
xpdf_cv_func_fseek64=no
xpdf_cv_func_ftell64=no
xpdf_cv_func_mkstemp=yes
xpdf_cv_func_mkstemps=no
xpdf_cv_func_select_arg=yes
xpdf_cv_func_std_sort=yes
xpdf_cv_sys_dos=no
xpdf_cv_sys_os2=no

## ----------------- ##
## Output variables. ##
## ----------------- ##

AR='ar rc'
CC='x86_64-nacl-gcc -std=gnu99'
CFLAGS='-g -O2'
CPP='x86_64-nacl-gcc -std=gnu99 -E'
CPPFLAGS=''
CXX='x86_64-nacl-g++'
CXXFLAGS='-g -O2'
DEFS='-DHAVE_CONFIG_H'
ECHO_C=''
ECHO_N='-n'
ECHO_T=''
EGREP=''
EXE=''
EXEEXT=''
GREP=''
INSTALL_DATA='${INSTALL} -m 644'
INSTALL_PROGRAM='${INSTALL}'
INSTALL_SCRIPT='${INSTALL}'
LDFLAGS=''
LIBOBJS=''
LIBPREFIX='lib'
LIBS=''
LTLIBOBJS=''
OBJEXT='o'
PACKAGE_BUGREPORT=''
PACKAGE_NAME=''
PACKAGE_STRING=''
PACKAGE_TARNAME=''
PACKAGE_URL=''
PACKAGE_VERSION=''
PATH_SEPARATOR=':'
RANLIB='x86_64-nacl-ranlib'
SHELL='/bin/bash'
Sgm_CFLAGS=''
Sgm_LIBS=''
UP_DIR=''
X='#'
XMKMF=''
XPDF_TARGET='all-no-x'
X_CFLAGS=''
X_EXTRA_LIBS=''
X_LIBS=''
X_PRE_LIBS=''
Xext_CFLAGS=''
Xext_LIBS=''
Xm_CFLAGS=''
Xm_LIBS=''
Xp_CFLAGS=''
Xp_LIBS=''
Xpm_CFLAGS=''
Xpm_LIBS=''
Xt_CFLAGS=''
Xt_LIBS=''
ac_ct_CC=''
ac_ct_CXX=''
bindir='${exec_prefix}/bin'
build_alias=''
datadir='${datarootdir}'
datarootdir='${prefix}/share'
docdir='${datarootdir}/doc/${PACKAGE}'
dvidir='${docdir}'
exec_prefix='${prefix}'
freetype2_CFLAGS=''
freetype2_LIBS=''
host_alias='x86_64-nacl'
htmldir='${docdir}'
includedir='${prefix}/include'
infodir='${datarootdir}/info'
libdir='${exec_prefix}/lib'
libexecdir='${exec_prefix}/libexec'
libpaper_CFLAGS=''
libpaper_LIBS=''
localedir='${datarootdir}/locale'
localstatedir='${prefix}/var'
mandir='${datarootdir}/man'
oldincludedir='/usr/include'
pdfdir='${docdir}'
prefix='/usr/local'
program_transform_name='s,x,x,'
psdir='${docdir}'
sbindir='${exec_prefix}/sbin'
sharedstatedir='${prefix}/com'
sysconfdir='${prefix}/etc'
t1_CFLAGS=''
t1_LIBS=''
target_alias=''

## ----------- ##
## confdefs.h. ##
## ----------- ##

/* confdefs.h */
#define PACKAGE_NAME ""
#define PACKAGE_TARNAME ""
#define PACKAGE_VERSION ""
#define PACKAGE_STRING ""
#define PACKAGE_BUGREPORT ""
#define PACKAGE_URL ""
#define SYSTEM_XPDFRC "/usr/local/etc/xpdfrc"
#define X_DISPLAY_MISSING 1
#define HAVE_DIRENT_H 1
#define HAVE_REWINDDIR 1
#define HAVE_POPEN 1
#define HAVE_MKSTEMP 1
#define HAVE_STD_SORT 1
#define HAVE_FSEEKO 1

configure: exit 0
